{"/Users/andriiiudchenko/WORK/EDUCATION/WEB DEV/rs-school-react/sw-app/src/App.tsx": {"path":"/Users/andriiiudchenko/WORK/EDUCATION/WEB DEV/rs-school-react/sw-app/src/App.tsx","all":false,"statementMap":{"0":{"start":{"line":1,"column":0},"end":{"line":1,"column":64}},"1":{"start":{"line":2,"column":0},"end":{"line":2,"column":0}},"2":{"start":{"line":3,"column":0},"end":{"line":3,"column":43}},"3":{"start":{"line":4,"column":0},"end":{"line":4,"column":49}},"4":{"start":{"line":5,"column":0},"end":{"line":5,"column":55}},"5":{"start":{"line":6,"column":0},"end":{"line":6,"column":51}},"6":{"start":{"line":7,"column":0},"end":{"line":7,"column":49}},"7":{"start":{"line":8,"column":0},"end":{"line":8,"column":42}},"8":{"start":{"line":9,"column":0},"end":{"line":9,"column":52}},"9":{"start":{"line":10,"column":0},"end":{"line":10,"column":72}},"10":{"start":{"line":11,"column":0},"end":{"line":11,"column":41}},"11":{"start":{"line":12,"column":0},"end":{"line":12,"column":59}},"12":{"start":{"line":13,"column":0},"end":{"line":13,"column":58}},"13":{"start":{"line":14,"column":0},"end":{"line":14,"column":52}},"14":{"start":{"line":15,"column":0},"end":{"line":15,"column":0}},"15":{"start":{"line":16,"column":0},"end":{"line":16,"column":52}},"16":{"start":{"line":17,"column":0},"end":{"line":17,"column":73}},"17":{"start":{"line":18,"column":0},"end":{"line":18,"column":0}},"18":{"start":{"line":19,"column":0},"end":{"line":19,"column":68}},"19":{"start":{"line":20,"column":0},"end":{"line":20,"column":0}},"20":{"start":{"line":21,"column":0},"end":{"line":21,"column":50}},"21":{"start":{"line":22,"column":0},"end":{"line":22,"column":64}},"22":{"start":{"line":23,"column":0},"end":{"line":23,"column":0}},"23":{"start":{"line":24,"column":0},"end":{"line":24,"column":43}},"24":{"start":{"line":25,"column":0},"end":{"line":25,"column":0}},"25":{"start":{"line":26,"column":0},"end":{"line":26,"column":49}},"26":{"start":{"line":27,"column":0},"end":{"line":27,"column":67}},"27":{"start":{"line":28,"column":0},"end":{"line":28,"column":4}},"28":{"start":{"line":29,"column":0},"end":{"line":29,"column":33}},"29":{"start":{"line":30,"column":0},"end":{"line":30,"column":0}},"30":{"start":{"line":31,"column":0},"end":{"line":31,"column":36}},"31":{"start":{"line":32,"column":0},"end":{"line":32,"column":77}},"32":{"start":{"line":33,"column":0},"end":{"line":33,"column":11}},"33":{"start":{"line":34,"column":0},"end":{"line":34,"column":37}},"34":{"start":{"line":35,"column":0},"end":{"line":35,"column":57}},"35":{"start":{"line":36,"column":0},"end":{"line":36,"column":28}},"36":{"start":{"line":37,"column":0},"end":{"line":37,"column":15}},"37":{"start":{"line":38,"column":0},"end":{"line":38,"column":17}},"38":{"start":{"line":39,"column":0},"end":{"line":39,"column":10}},"39":{"start":{"line":40,"column":0},"end":{"line":40,"column":28}},"40":{"start":{"line":41,"column":0},"end":{"line":41,"column":29}},"41":{"start":{"line":42,"column":0},"end":{"line":42,"column":36}},"42":{"start":{"line":43,"column":0},"end":{"line":43,"column":21}},"43":{"start":{"line":44,"column":0},"end":{"line":44,"column":35}},"44":{"start":{"line":45,"column":0},"end":{"line":45,"column":35}},"45":{"start":{"line":46,"column":0},"end":{"line":46,"column":16}},"46":{"start":{"line":47,"column":0},"end":{"line":47,"column":59}},"47":{"start":{"line":48,"column":0},"end":{"line":48,"column":9}},"48":{"start":{"line":49,"column":0},"end":{"line":49,"column":35}},"49":{"start":{"line":50,"column":0},"end":{"line":50,"column":7}},"50":{"start":{"line":51,"column":0},"end":{"line":51,"column":6}},"51":{"start":{"line":52,"column":0},"end":{"line":52,"column":16}},"52":{"start":{"line":53,"column":0},"end":{"line":53,"column":4}},"53":{"start":{"line":54,"column":0},"end":{"line":54,"column":0}},"54":{"start":{"line":55,"column":0},"end":{"line":55,"column":19}},"55":{"start":{"line":56,"column":0},"end":{"line":56,"column":52}},"56":{"start":{"line":57,"column":0},"end":{"line":57,"column":56}},"57":{"start":{"line":58,"column":0},"end":{"line":58,"column":0}},"58":{"start":{"line":59,"column":0},"end":{"line":59,"column":52}},"59":{"start":{"line":60,"column":0},"end":{"line":60,"column":22}},"60":{"start":{"line":61,"column":0},"end":{"line":61,"column":30}},"61":{"start":{"line":62,"column":0},"end":{"line":62,"column":18}},"62":{"start":{"line":63,"column":0},"end":{"line":63,"column":4}},"63":{"start":{"line":64,"column":0},"end":{"line":64,"column":0}},"64":{"start":{"line":65,"column":0},"end":{"line":65,"column":46}},"65":{"start":{"line":66,"column":0},"end":{"line":66,"column":25}},"66":{"start":{"line":67,"column":0},"end":{"line":67,"column":4}},"67":{"start":{"line":68,"column":0},"end":{"line":68,"column":0}},"68":{"start":{"line":69,"column":0},"end":{"line":69,"column":76}},"69":{"start":{"line":70,"column":0},"end":{"line":70,"column":39}},"70":{"start":{"line":71,"column":0},"end":{"line":71,"column":22}},"71":{"start":{"line":72,"column":0},"end":{"line":72,"column":18}},"72":{"start":{"line":73,"column":0},"end":{"line":73,"column":4}},"73":{"start":{"line":74,"column":0},"end":{"line":74,"column":0}},"74":{"start":{"line":75,"column":0},"end":{"line":75,"column":10}},"75":{"start":{"line":76,"column":0},"end":{"line":76,"column":19}},"76":{"start":{"line":77,"column":0},"end":{"line":77,"column":18}},"77":{"start":{"line":78,"column":0},"end":{"line":78,"column":73}},"78":{"start":{"line":79,"column":0},"end":{"line":79,"column":17}},"79":{"start":{"line":80,"column":0},"end":{"line":80,"column":35}},"80":{"start":{"line":81,"column":0},"end":{"line":81,"column":27}},"81":{"start":{"line":82,"column":0},"end":{"line":82,"column":45}},"82":{"start":{"line":83,"column":0},"end":{"line":83,"column":12}},"83":{"start":{"line":84,"column":0},"end":{"line":84,"column":78}},"84":{"start":{"line":85,"column":0},"end":{"line":85,"column":17}},"85":{"start":{"line":86,"column":0},"end":{"line":86,"column":53}},"86":{"start":{"line":87,"column":0},"end":{"line":87,"column":19}},"87":{"start":{"line":88,"column":0},"end":{"line":88,"column":25}},"88":{"start":{"line":89,"column":0},"end":{"line":89,"column":35}},"89":{"start":{"line":90,"column":0},"end":{"line":90,"column":33}},"90":{"start":{"line":91,"column":0},"end":{"line":91,"column":41}},"91":{"start":{"line":92,"column":0},"end":{"line":92,"column":10}},"92":{"start":{"line":93,"column":0},"end":{"line":93,"column":0}},"93":{"start":{"line":94,"column":0},"end":{"line":94,"column":23}},"94":{"start":{"line":95,"column":0},"end":{"line":95,"column":18}},"95":{"start":{"line":96,"column":0},"end":{"line":96,"column":19}},"96":{"start":{"line":97,"column":0},"end":{"line":97,"column":20}},"97":{"start":{"line":98,"column":0},"end":{"line":98,"column":4}},"98":{"start":{"line":99,"column":0},"end":{"line":99,"column":2}},"99":{"start":{"line":100,"column":0},"end":{"line":100,"column":0}},"100":{"start":{"line":101,"column":0},"end":{"line":101,"column":19}}},"s":{"0":1,"1":1,"2":1,"3":1,"4":1,"5":1,"6":1,"7":1,"8":1,"9":1,"10":1,"11":1,"12":1,"13":1,"14":1,"15":1,"16":42,"17":42,"18":42,"19":42,"20":42,"21":42,"22":42,"23":42,"24":42,"25":42,"26":42,"27":42,"28":42,"29":42,"30":42,"31":42,"32":14,"33":14,"34":14,"35":14,"36":14,"37":14,"38":14,"39":14,"40":14,"41":14,"42":14,"43":0,"44":0,"45":0,"46":0,"47":0,"48":0,"49":0,"50":14,"51":42,"52":42,"53":42,"54":42,"55":14,"56":42,"57":42,"58":42,"59":1,"60":1,"61":1,"62":1,"63":42,"64":42,"65":1,"66":1,"67":42,"68":42,"69":2,"70":2,"71":2,"72":2,"73":42,"74":42,"75":42,"76":42,"77":42,"78":42,"79":42,"80":42,"81":42,"82":42,"83":42,"84":42,"85":42,"86":42,"87":42,"88":42,"89":42,"90":42,"91":42,"92":42,"93":42,"94":42,"95":42,"96":42,"97":42,"98":42,"99":1,"100":1},"branchMap":{"0":{"type":"branch","line":16,"loc":{"start":{"line":16,"column":45},"end":{"line":99,"column":2}},"locations":[{"start":{"line":16,"column":45},"end":{"line":99,"column":2}}]},"1":{"type":"branch","line":27,"loc":{"start":{"line":27,"column":27},"end":{"line":27,"column":66}},"locations":[{"start":{"line":27,"column":27},"end":{"line":27,"column":66}}]},"2":{"type":"branch","line":27,"loc":{"start":{"line":27,"column":62},"end":{"line":27,"column":67}},"locations":[{"start":{"line":27,"column":62},"end":{"line":27,"column":67}}]},"3":{"type":"branch","line":32,"loc":{"start":{"line":32,"column":4},"end":{"line":51,"column":6}},"locations":[{"start":{"line":32,"column":4},"end":{"line":51,"column":6}}]},"4":{"type":"branch","line":43,"loc":{"start":{"line":43,"column":6},"end":{"line":50,"column":7}},"locations":[{"start":{"line":43,"column":6},"end":{"line":50,"column":7}}]},"5":{"type":"branch","line":55,"loc":{"start":{"line":55,"column":12},"end":{"line":57,"column":5}},"locations":[{"start":{"line":55,"column":12},"end":{"line":57,"column":5}}]},"6":{"type":"branch","line":59,"loc":{"start":{"line":59,"column":27},"end":{"line":63,"column":4}},"locations":[{"start":{"line":59,"column":27},"end":{"line":63,"column":4}}]},"7":{"type":"branch","line":65,"loc":{"start":{"line":65,"column":27},"end":{"line":67,"column":4}},"locations":[{"start":{"line":65,"column":27},"end":{"line":67,"column":4}}]},"8":{"type":"branch","line":69,"loc":{"start":{"line":69,"column":30},"end":{"line":73,"column":4}},"locations":[{"start":{"line":69,"column":30},"end":{"line":73,"column":4}}]}},"b":{"0":[42],"1":[3],"2":[38],"3":[14],"4":[0],"5":[14],"6":[1],"7":[1],"8":[2]},"fnMap":{"0":{"name":"App","decl":{"start":{"line":16,"column":45},"end":{"line":99,"column":2}},"loc":{"start":{"line":16,"column":45},"end":{"line":99,"column":2}},"line":16},"1":{"name":"handleSearchTerm","decl":{"start":{"line":59,"column":27},"end":{"line":63,"column":4}},"loc":{"start":{"line":59,"column":27},"end":{"line":63,"column":4}},"line":59},"2":{"name":"handlePageChange","decl":{"start":{"line":65,"column":27},"end":{"line":67,"column":4}},"loc":{"start":{"line":65,"column":27},"end":{"line":67,"column":4}},"line":65},"3":{"name":"handlePerPageSelect","decl":{"start":{"line":69,"column":30},"end":{"line":73,"column":4}},"loc":{"start":{"line":69,"column":30},"end":{"line":73,"column":4}},"line":69}},"f":{"0":42,"1":1,"2":1,"3":2}}
,"/Users/andriiiudchenko/WORK/EDUCATION/WEB DEV/rs-school-react/sw-app/src/components/AppWrapper.tsx": {"path":"/Users/andriiiudchenko/WORK/EDUCATION/WEB DEV/rs-school-react/sw-app/src/components/AppWrapper.tsx","all":false,"statementMap":{"0":{"start":{"line":1,"column":0},"end":{"line":1,"column":26}},"1":{"start":{"line":2,"column":0},"end":{"line":2,"column":0}},"2":{"start":{"line":3,"column":0},"end":{"line":3,"column":28}},"3":{"start":{"line":4,"column":0},"end":{"line":4,"column":28}},"4":{"start":{"line":5,"column":0},"end":{"line":5,"column":1}},"5":{"start":{"line":6,"column":0},"end":{"line":6,"column":0}},"6":{"start":{"line":7,"column":0},"end":{"line":7,"column":53}},"7":{"start":{"line":8,"column":0},"end":{"line":8,"column":10}},"8":{"start":{"line":9,"column":0},"end":{"line":9,"column":119}},"9":{"start":{"line":10,"column":0},"end":{"line":10,"column":16}},"10":{"start":{"line":11,"column":0},"end":{"line":11,"column":10}},"11":{"start":{"line":12,"column":0},"end":{"line":12,"column":4}},"12":{"start":{"line":13,"column":0},"end":{"line":13,"column":1}},"13":{"start":{"line":14,"column":0},"end":{"line":14,"column":0}},"14":{"start":{"line":15,"column":0},"end":{"line":15,"column":26}}},"s":{"0":1,"1":1,"2":1,"3":1,"4":1,"5":1,"6":42,"7":42,"8":42,"9":42,"10":42,"11":42,"12":42,"13":1,"14":1},"branchMap":{"0":{"type":"branch","line":7,"loc":{"start":{"line":7,"column":0},"end":{"line":13,"column":1}},"locations":[{"start":{"line":7,"column":0},"end":{"line":13,"column":1}}]}},"b":{"0":[42]},"fnMap":{"0":{"name":"AppWrapper","decl":{"start":{"line":7,"column":0},"end":{"line":13,"column":1}},"loc":{"start":{"line":7,"column":0},"end":{"line":13,"column":1}},"line":7}},"f":{"0":42}}
,"/Users/andriiiudchenko/WORK/EDUCATION/WEB DEV/rs-school-react/sw-app/src/components/Character.tsx": {"path":"/Users/andriiiudchenko/WORK/EDUCATION/WEB DEV/rs-school-react/sw-app/src/components/Character.tsx","all":false,"statementMap":{"0":{"start":{"line":1,"column":0},"end":{"line":1,"column":60}},"1":{"start":{"line":2,"column":0},"end":{"line":2,"column":46}},"2":{"start":{"line":3,"column":0},"end":{"line":3,"column":44}},"3":{"start":{"line":4,"column":0},"end":{"line":4,"column":0}},"4":{"start":{"line":5,"column":0},"end":{"line":5,"column":23}},"5":{"start":{"line":6,"column":0},"end":{"line":6,"column":13}},"6":{"start":{"line":7,"column":0},"end":{"line":7,"column":24}},"7":{"start":{"line":8,"column":0},"end":{"line":8,"column":2}},"8":{"start":{"line":9,"column":0},"end":{"line":9,"column":0}},"9":{"start":{"line":10,"column":0},"end":{"line":10,"column":55}},"10":{"start":{"line":11,"column":0},"end":{"line":11,"column":41}},"11":{"start":{"line":12,"column":0},"end":{"line":12,"column":0}},"12":{"start":{"line":13,"column":0},"end":{"line":13,"column":33}},"13":{"start":{"line":14,"column":0},"end":{"line":14,"column":0}},"14":{"start":{"line":15,"column":0},"end":{"line":15,"column":36}},"15":{"start":{"line":16,"column":0},"end":{"line":16,"column":33}},"16":{"start":{"line":17,"column":0},"end":{"line":17,"column":60}},"17":{"start":{"line":18,"column":0},"end":{"line":18,"column":35}},"18":{"start":{"line":19,"column":0},"end":{"line":19,"column":0}},"19":{"start":{"line":20,"column":0},"end":{"line":20,"column":29}},"20":{"start":{"line":21,"column":0},"end":{"line":21,"column":57}},"21":{"start":{"line":22,"column":0},"end":{"line":22,"column":4}},"22":{"start":{"line":23,"column":0},"end":{"line":23,"column":0}},"23":{"start":{"line":24,"column":0},"end":{"line":24,"column":10}},"24":{"start":{"line":25,"column":0},"end":{"line":25,"column":7}},"25":{"start":{"line":26,"column":0},"end":{"line":26,"column":90}},"26":{"start":{"line":27,"column":0},"end":{"line":27,"column":32}},"27":{"start":{"line":28,"column":0},"end":{"line":28,"column":27}},"28":{"start":{"line":29,"column":0},"end":{"line":29,"column":5}},"29":{"start":{"line":30,"column":0},"end":{"line":30,"column":104}},"30":{"start":{"line":31,"column":0},"end":{"line":31,"column":53}},"31":{"start":{"line":32,"column":0},"end":{"line":32,"column":0}},"32":{"start":{"line":33,"column":0},"end":{"line":33,"column":11}},"33":{"start":{"line":34,"column":0},"end":{"line":34,"column":65}},"34":{"start":{"line":35,"column":0},"end":{"line":35,"column":12}},"35":{"start":{"line":36,"column":0},"end":{"line":36,"column":12}},"36":{"start":{"line":37,"column":0},"end":{"line":37,"column":9}},"37":{"start":{"line":38,"column":0},"end":{"line":38,"column":4}},"38":{"start":{"line":39,"column":0},"end":{"line":39,"column":1}},"39":{"start":{"line":40,"column":0},"end":{"line":40,"column":0}},"40":{"start":{"line":41,"column":0},"end":{"line":41,"column":25}}},"s":{"0":1,"1":1,"2":1,"3":1,"4":1,"5":1,"6":1,"7":1,"8":1,"9":138,"10":138,"11":138,"12":138,"13":138,"14":138,"15":138,"16":138,"17":138,"18":138,"19":138,"20":2,"21":2,"22":138,"23":138,"24":138,"25":138,"26":138,"27":138,"28":138,"29":138,"30":138,"31":138,"32":138,"33":138,"34":138,"35":138,"36":138,"37":138,"38":138,"39":1,"40":1},"branchMap":{"0":{"type":"branch","line":10,"loc":{"start":{"line":10,"column":0},"end":{"line":39,"column":1}},"locations":[{"start":{"line":10,"column":0},"end":{"line":39,"column":1}}]},"1":{"type":"branch","line":20,"loc":{"start":{"line":20,"column":22},"end":{"line":22,"column":4}},"locations":[{"start":{"line":20,"column":22},"end":{"line":22,"column":4}}]}},"b":{"0":[138],"1":[2]},"fnMap":{"0":{"name":"Character","decl":{"start":{"line":10,"column":0},"end":{"line":39,"column":1}},"loc":{"start":{"line":10,"column":0},"end":{"line":39,"column":1}},"line":10},"1":{"name":"handleClick","decl":{"start":{"line":20,"column":22},"end":{"line":22,"column":4}},"loc":{"start":{"line":20,"column":22},"end":{"line":22,"column":4}},"line":20}},"f":{"0":138,"1":2}}
,"/Users/andriiiudchenko/WORK/EDUCATION/WEB DEV/rs-school-react/sw-app/src/components/DetailsCharacter.tsx": {"path":"/Users/andriiiudchenko/WORK/EDUCATION/WEB DEV/rs-school-react/sw-app/src/components/DetailsCharacter.tsx","all":false,"statementMap":{"0":{"start":{"line":1,"column":0},"end":{"line":1,"column":44}},"1":{"start":{"line":2,"column":0},"end":{"line":2,"column":52}},"2":{"start":{"line":3,"column":0},"end":{"line":3,"column":0}},"3":{"start":{"line":4,"column":0},"end":{"line":4,"column":30}},"4":{"start":{"line":5,"column":0},"end":{"line":5,"column":22}},"5":{"start":{"line":6,"column":0},"end":{"line":6,"column":2}},"6":{"start":{"line":7,"column":0},"end":{"line":7,"column":0}},"7":{"start":{"line":8,"column":0},"end":{"line":8,"column":63}},"8":{"start":{"line":9,"column":0},"end":{"line":9,"column":9}},"9":{"start":{"line":10,"column":0},"end":{"line":10,"column":9}},"10":{"start":{"line":11,"column":0},"end":{"line":11,"column":15}},"11":{"start":{"line":12,"column":0},"end":{"line":12,"column":11}},"12":{"start":{"line":13,"column":0},"end":{"line":13,"column":9}},"13":{"start":{"line":14,"column":0},"end":{"line":14,"column":15}},"14":{"start":{"line":15,"column":0},"end":{"line":15,"column":15}},"15":{"start":{"line":16,"column":0},"end":{"line":16,"column":14}},"16":{"start":{"line":17,"column":0},"end":{"line":17,"column":11}},"17":{"start":{"line":18,"column":0},"end":{"line":18,"column":14}},"18":{"start":{"line":19,"column":0},"end":{"line":19,"column":10}},"19":{"start":{"line":20,"column":0},"end":{"line":20,"column":43}},"20":{"start":{"line":21,"column":0},"end":{"line":21,"column":42}},"21":{"start":{"line":22,"column":0},"end":{"line":22,"column":45}},"22":{"start":{"line":23,"column":0},"end":{"line":23,"column":51}},"23":{"start":{"line":24,"column":0},"end":{"line":24,"column":34}},"24":{"start":{"line":25,"column":0},"end":{"line":25,"column":13}},"25":{"start":{"line":26,"column":0},"end":{"line":26,"column":45}},"26":{"start":{"line":27,"column":0},"end":{"line":27,"column":57}},"27":{"start":{"line":28,"column":0},"end":{"line":28,"column":54}},"28":{"start":{"line":29,"column":0},"end":{"line":29,"column":13}},"29":{"start":{"line":30,"column":0},"end":{"line":30,"column":45}},"30":{"start":{"line":31,"column":0},"end":{"line":31,"column":53}},"31":{"start":{"line":32,"column":0},"end":{"line":32,"column":18}},"32":{"start":{"line":33,"column":0},"end":{"line":33,"column":13}},"33":{"start":{"line":34,"column":0},"end":{"line":34,"column":45}},"34":{"start":{"line":35,"column":0},"end":{"line":35,"column":51}},"35":{"start":{"line":36,"column":0},"end":{"line":36,"column":16}},"36":{"start":{"line":37,"column":0},"end":{"line":37,"column":13}},"37":{"start":{"line":38,"column":0},"end":{"line":38,"column":45}},"38":{"start":{"line":39,"column":0},"end":{"line":39,"column":57}},"39":{"start":{"line":40,"column":0},"end":{"line":40,"column":40}},"40":{"start":{"line":41,"column":0},"end":{"line":41,"column":13}},"41":{"start":{"line":42,"column":0},"end":{"line":42,"column":45}},"42":{"start":{"line":43,"column":0},"end":{"line":43,"column":57}},"43":{"start":{"line":44,"column":0},"end":{"line":44,"column":40}},"44":{"start":{"line":45,"column":0},"end":{"line":45,"column":13}},"45":{"start":{"line":46,"column":0},"end":{"line":46,"column":45}},"46":{"start":{"line":47,"column":0},"end":{"line":47,"column":56}},"47":{"start":{"line":48,"column":0},"end":{"line":48,"column":39}},"48":{"start":{"line":49,"column":0},"end":{"line":49,"column":13}},"49":{"start":{"line":50,"column":0},"end":{"line":50,"column":45}},"50":{"start":{"line":51,"column":0},"end":{"line":51,"column":53}},"51":{"start":{"line":52,"column":0},"end":{"line":52,"column":36}},"52":{"start":{"line":53,"column":0},"end":{"line":53,"column":13}},"53":{"start":{"line":54,"column":0},"end":{"line":54,"column":11}},"54":{"start":{"line":55,"column":0},"end":{"line":55,"column":10}},"55":{"start":{"line":56,"column":0},"end":{"line":56,"column":4}},"56":{"start":{"line":57,"column":0},"end":{"line":57,"column":1}},"57":{"start":{"line":58,"column":0},"end":{"line":58,"column":0}},"58":{"start":{"line":59,"column":0},"end":{"line":59,"column":32}}},"s":{"0":1,"1":1,"2":1,"3":1,"4":1,"5":1,"6":1,"7":1,"8":1,"9":1,"10":1,"11":1,"12":1,"13":1,"14":1,"15":1,"16":1,"17":1,"18":1,"19":1,"20":1,"21":1,"22":1,"23":1,"24":1,"25":1,"26":1,"27":1,"28":1,"29":1,"30":1,"31":1,"32":1,"33":1,"34":1,"35":1,"36":1,"37":1,"38":1,"39":1,"40":1,"41":1,"42":1,"43":1,"44":1,"45":1,"46":1,"47":1,"48":1,"49":1,"50":1,"51":1,"52":1,"53":1,"54":1,"55":1,"56":1,"57":1,"58":1},"branchMap":{"0":{"type":"branch","line":8,"loc":{"start":{"line":8,"column":0},"end":{"line":57,"column":1}},"locations":[{"start":{"line":8,"column":0},"end":{"line":57,"column":1}}]}},"b":{"0":[1]},"fnMap":{"0":{"name":"DetailsCharacter","decl":{"start":{"line":8,"column":0},"end":{"line":57,"column":1}},"loc":{"start":{"line":8,"column":0},"end":{"line":57,"column":1}},"line":8}},"f":{"0":1}}
,"/Users/andriiiudchenko/WORK/EDUCATION/WEB DEV/rs-school-react/sw-app/src/components/DetailsClose.tsx": {"path":"/Users/andriiiudchenko/WORK/EDUCATION/WEB DEV/rs-school-react/sw-app/src/components/DetailsClose.tsx","all":false,"statementMap":{"0":{"start":{"line":1,"column":0},"end":{"line":1,"column":26}},"1":{"start":{"line":2,"column":0},"end":{"line":2,"column":22}},"2":{"start":{"line":3,"column":0},"end":{"line":3,"column":2}},"3":{"start":{"line":4,"column":0},"end":{"line":4,"column":0}},"4":{"start":{"line":5,"column":0},"end":{"line":5,"column":55}},"5":{"start":{"line":6,"column":0},"end":{"line":6,"column":10}},"6":{"start":{"line":7,"column":0},"end":{"line":7,"column":11}},"7":{"start":{"line":8,"column":0},"end":{"line":8,"column":29}},"8":{"start":{"line":9,"column":0},"end":{"line":9,"column":23}},"9":{"start":{"line":10,"column":0},"end":{"line":10,"column":37}},"10":{"start":{"line":11,"column":0},"end":{"line":11,"column":5}},"11":{"start":{"line":12,"column":0},"end":{"line":12,"column":10}},"12":{"start":{"line":13,"column":0},"end":{"line":13,"column":42}},"13":{"start":{"line":14,"column":0},"end":{"line":14,"column":19}},"14":{"start":{"line":15,"column":0},"end":{"line":15,"column":27}},"15":{"start":{"line":16,"column":0},"end":{"line":16,"column":25}},"16":{"start":{"line":17,"column":0},"end":{"line":17,"column":22}},"17":{"start":{"line":18,"column":0},"end":{"line":18,"column":27}},"18":{"start":{"line":19,"column":0},"end":{"line":19,"column":7}},"19":{"start":{"line":20,"column":0},"end":{"line":20,"column":13}},"20":{"start":{"line":21,"column":0},"end":{"line":21,"column":31}},"21":{"start":{"line":22,"column":0},"end":{"line":22,"column":32}},"22":{"start":{"line":23,"column":0},"end":{"line":23,"column":34}},"23":{"start":{"line":24,"column":0},"end":{"line":24,"column":10}},"24":{"start":{"line":25,"column":0},"end":{"line":25,"column":12}},"25":{"start":{"line":26,"column":0},"end":{"line":26,"column":13}},"26":{"start":{"line":27,"column":0},"end":{"line":27,"column":4}},"27":{"start":{"line":28,"column":0},"end":{"line":28,"column":1}},"28":{"start":{"line":29,"column":0},"end":{"line":29,"column":0}},"29":{"start":{"line":30,"column":0},"end":{"line":30,"column":28}}},"s":{"0":1,"1":1,"2":1,"3":1,"4":3,"5":3,"6":3,"7":3,"8":3,"9":3,"10":3,"11":3,"12":3,"13":3,"14":3,"15":3,"16":3,"17":3,"18":3,"19":3,"20":3,"21":3,"22":3,"23":3,"24":3,"25":3,"26":3,"27":3,"28":1,"29":1},"branchMap":{"0":{"type":"branch","line":5,"loc":{"start":{"line":5,"column":0},"end":{"line":28,"column":1}},"locations":[{"start":{"line":5,"column":0},"end":{"line":28,"column":1}}]}},"b":{"0":[3]},"fnMap":{"0":{"name":"DetailsClose","decl":{"start":{"line":5,"column":0},"end":{"line":28,"column":1}},"loc":{"start":{"line":5,"column":0},"end":{"line":28,"column":1}},"line":5}},"f":{"0":3}}
,"/Users/andriiiudchenko/WORK/EDUCATION/WEB DEV/rs-school-react/sw-app/src/components/DetailsModal.tsx": {"path":"/Users/andriiiudchenko/WORK/EDUCATION/WEB DEV/rs-school-react/sw-app/src/components/DetailsModal.tsx","all":false,"statementMap":{"0":{"start":{"line":1,"column":0},"end":{"line":1,"column":65}},"1":{"start":{"line":2,"column":0},"end":{"line":2,"column":42}},"2":{"start":{"line":3,"column":0},"end":{"line":3,"column":64}},"3":{"start":{"line":4,"column":0},"end":{"line":4,"column":0}},"4":{"start":{"line":5,"column":0},"end":{"line":5,"column":26}},"5":{"start":{"line":6,"column":0},"end":{"line":6,"column":22}},"6":{"start":{"line":7,"column":0},"end":{"line":7,"column":2}},"7":{"start":{"line":8,"column":0},"end":{"line":8,"column":0}},"8":{"start":{"line":9,"column":0},"end":{"line":9,"column":56}},"9":{"start":{"line":10,"column":0},"end":{"line":10,"column":33}},"10":{"start":{"line":11,"column":0},"end":{"line":11,"column":43}},"11":{"start":{"line":12,"column":0},"end":{"line":12,"column":0}},"12":{"start":{"line":13,"column":0},"end":{"line":13,"column":41}},"13":{"start":{"line":14,"column":0},"end":{"line":14,"column":66}},"14":{"start":{"line":15,"column":0},"end":{"line":15,"column":44}},"15":{"start":{"line":16,"column":0},"end":{"line":16,"column":42}},"16":{"start":{"line":17,"column":0},"end":{"line":17,"column":0}},"17":{"start":{"line":18,"column":0},"end":{"line":18,"column":51}},"18":{"start":{"line":19,"column":0},"end":{"line":19,"column":31}},"19":{"start":{"line":20,"column":0},"end":{"line":20,"column":0}},"20":{"start":{"line":21,"column":0},"end":{"line":21,"column":19}},"21":{"start":{"line":22,"column":0},"end":{"line":22,"column":46}},"22":{"start":{"line":23,"column":0},"end":{"line":23,"column":32}},"23":{"start":{"line":24,"column":0},"end":{"line":24,"column":22}},"24":{"start":{"line":25,"column":0},"end":{"line":25,"column":7}},"25":{"start":{"line":26,"column":0},"end":{"line":26,"column":5}},"26":{"start":{"line":27,"column":0},"end":{"line":27,"column":0}},"27":{"start":{"line":28,"column":0},"end":{"line":28,"column":54}},"28":{"start":{"line":29,"column":0},"end":{"line":29,"column":0}},"29":{"start":{"line":30,"column":0},"end":{"line":30,"column":18}},"30":{"start":{"line":31,"column":0},"end":{"line":31,"column":59}},"31":{"start":{"line":32,"column":0},"end":{"line":32,"column":6}},"32":{"start":{"line":33,"column":0},"end":{"line":33,"column":20}},"33":{"start":{"line":34,"column":0},"end":{"line":34,"column":0}},"34":{"start":{"line":35,"column":0},"end":{"line":35,"column":10}},"35":{"start":{"line":36,"column":0},"end":{"line":36,"column":8}},"36":{"start":{"line":37,"column":0},"end":{"line":37,"column":16}},"37":{"start":{"line":38,"column":0},"end":{"line":38,"column":25}},"38":{"start":{"line":39,"column":0},"end":{"line":39,"column":50}},"39":{"start":{"line":40,"column":0},"end":{"line":40,"column":5}},"40":{"start":{"line":41,"column":0},"end":{"line":41,"column":10}},"41":{"start":{"line":42,"column":0},"end":{"line":42,"column":33}},"42":{"start":{"line":43,"column":0},"end":{"line":43,"column":48}},"43":{"start":{"line":44,"column":0},"end":{"line":44,"column":29}},"44":{"start":{"line":45,"column":0},"end":{"line":45,"column":13}},"45":{"start":{"line":46,"column":0},"end":{"line":46,"column":98}},"46":{"start":{"line":47,"column":0},"end":{"line":47,"column":46}},"47":{"start":{"line":48,"column":0},"end":{"line":48,"column":18}},"48":{"start":{"line":49,"column":0},"end":{"line":49,"column":12}},"49":{"start":{"line":50,"column":0},"end":{"line":50,"column":10}},"50":{"start":{"line":51,"column":0},"end":{"line":51,"column":4}},"51":{"start":{"line":52,"column":0},"end":{"line":52,"column":1}},"52":{"start":{"line":53,"column":0},"end":{"line":53,"column":0}},"53":{"start":{"line":54,"column":0},"end":{"line":54,"column":28}}},"s":{"0":1,"1":1,"2":1,"3":1,"4":1,"5":1,"6":1,"7":1,"8":2,"9":2,"10":2,"11":2,"12":2,"13":0,"14":0,"15":0,"16":0,"17":0,"18":2,"19":2,"20":2,"21":2,"22":0,"23":0,"24":0,"25":0,"26":2,"27":2,"28":2,"29":2,"30":2,"31":2,"32":2,"33":2,"34":2,"35":2,"36":2,"37":2,"38":2,"39":2,"40":2,"41":2,"42":2,"43":2,"44":2,"45":2,"46":2,"47":2,"48":2,"49":2,"50":2,"51":2,"52":1,"53":1},"branchMap":{"0":{"type":"branch","line":9,"loc":{"start":{"line":9,"column":0},"end":{"line":52,"column":1}},"locations":[{"start":{"line":9,"column":0},"end":{"line":52,"column":1}}]},"1":{"type":"branch","line":21,"loc":{"start":{"line":21,"column":12},"end":{"line":33,"column":5}},"locations":[{"start":{"line":21,"column":12},"end":{"line":33,"column":5}}]},"2":{"type":"branch","line":30,"loc":{"start":{"line":30,"column":11},"end":{"line":32,"column":6}},"locations":[{"start":{"line":30,"column":11},"end":{"line":32,"column":6}}]}},"b":{"0":[2],"1":[2],"2":[2]},"fnMap":{"0":{"name":"DetailsModal","decl":{"start":{"line":9,"column":0},"end":{"line":52,"column":1}},"loc":{"start":{"line":9,"column":0},"end":{"line":52,"column":1}},"line":9},"1":{"name":"handleKeyDown","decl":{"start":{"line":22,"column":4},"end":{"line":26,"column":5}},"loc":{"start":{"line":22,"column":4},"end":{"line":26,"column":5}},"line":22}},"f":{"0":2,"1":0}}
,"/Users/andriiiudchenko/WORK/EDUCATION/WEB DEV/rs-school-react/sw-app/src/components/ErrorBoundary.tsx": {"path":"/Users/andriiiudchenko/WORK/EDUCATION/WEB DEV/rs-school-react/sw-app/src/components/ErrorBoundary.tsx","all":false,"statementMap":{"0":{"start":{"line":1,"column":0},"end":{"line":1,"column":52}},"1":{"start":{"line":2,"column":0},"end":{"line":2,"column":0}},"2":{"start":{"line":3,"column":0},"end":{"line":3,"column":30}},"3":{"start":{"line":4,"column":0},"end":{"line":4,"column":28}},"4":{"start":{"line":5,"column":0},"end":{"line":5,"column":1}},"5":{"start":{"line":6,"column":0},"end":{"line":6,"column":0}},"6":{"start":{"line":7,"column":0},"end":{"line":7,"column":59}},"7":{"start":{"line":8,"column":0},"end":{"line":8,"column":30}},"8":{"start":{"line":9,"column":0},"end":{"line":9,"column":0}},"9":{"start":{"line":10,"column":0},"end":{"line":10,"column":57}},"10":{"start":{"line":11,"column":0},"end":{"line":11,"column":38}},"11":{"start":{"line":12,"column":0},"end":{"line":12,"column":69}},"12":{"start":{"line":13,"column":0},"end":{"line":13,"column":71}},"13":{"start":{"line":14,"column":0},"end":{"line":14,"column":3}},"14":{"start":{"line":15,"column":0},"end":{"line":15,"column":0}},"15":{"start":{"line":16,"column":0},"end":{"line":16,"column":12}},"16":{"start":{"line":17,"column":0},"end":{"line":17,"column":30}},"17":{"start":{"line":18,"column":0},"end":{"line":18,"column":14}},"18":{"start":{"line":19,"column":0},"end":{"line":19,"column":79}},"19":{"start":{"line":20,"column":0},"end":{"line":20,"column":49}},"20":{"start":{"line":21,"column":0},"end":{"line":21,"column":63}},"21":{"start":{"line":22,"column":0},"end":{"line":22,"column":16}},"22":{"start":{"line":23,"column":0},"end":{"line":23,"column":14}},"23":{"start":{"line":24,"column":0},"end":{"line":24,"column":8}},"24":{"start":{"line":25,"column":0},"end":{"line":25,"column":5}},"25":{"start":{"line":26,"column":0},"end":{"line":26,"column":31}},"26":{"start":{"line":27,"column":0},"end":{"line":27,"column":3}},"27":{"start":{"line":28,"column":0},"end":{"line":28,"column":1}},"28":{"start":{"line":29,"column":0},"end":{"line":29,"column":0}},"29":{"start":{"line":30,"column":0},"end":{"line":30,"column":29}}},"s":{"0":1,"1":1,"2":1,"3":1,"4":1,"5":1,"6":10,"7":10,"8":10,"9":10,"10":0,"11":0,"12":0,"13":0,"14":10,"15":10,"16":41,"17":0,"18":0,"19":0,"20":0,"21":0,"22":0,"23":0,"24":0,"25":41,"26":41,"27":10,"28":1,"29":1},"branchMap":{"0":{"type":"branch","line":7,"loc":{"start":{"line":7,"column":0},"end":{"line":28,"column":1}},"locations":[{"start":{"line":7,"column":0},"end":{"line":28,"column":1}}]},"1":{"type":"branch","line":16,"loc":{"start":{"line":16,"column":2},"end":{"line":27,"column":3}},"locations":[{"start":{"line":16,"column":2},"end":{"line":27,"column":3}}]},"2":{"type":"branch","line":17,"loc":{"start":{"line":17,"column":29},"end":{"line":25,"column":5}},"locations":[{"start":{"line":17,"column":29},"end":{"line":25,"column":5}}]}},"b":{"0":[10],"1":[41],"2":[0]},"fnMap":{"0":{"name":"<instance_members_initializer>","decl":{"start":{"line":7,"column":0},"end":{"line":28,"column":1}},"loc":{"start":{"line":7,"column":0},"end":{"line":28,"column":1}},"line":7},"1":{"name":"componentDidCatch","decl":{"start":{"line":10,"column":2},"end":{"line":14,"column":3}},"loc":{"start":{"line":10,"column":2},"end":{"line":14,"column":3}},"line":10},"2":{"name":"render","decl":{"start":{"line":16,"column":2},"end":{"line":27,"column":3}},"loc":{"start":{"line":16,"column":2},"end":{"line":27,"column":3}},"line":16}},"f":{"0":10,"1":0,"2":41}}
,"/Users/andriiiudchenko/WORK/EDUCATION/WEB DEV/rs-school-react/sw-app/src/components/ErrorButton.tsx": {"path":"/Users/andriiiudchenko/WORK/EDUCATION/WEB DEV/rs-school-react/sw-app/src/components/ErrorButton.tsx","all":false,"statementMap":{"0":{"start":{"line":1,"column":0},"end":{"line":1,"column":33}},"1":{"start":{"line":2,"column":0},"end":{"line":2,"column":0}},"2":{"start":{"line":3,"column":0},"end":{"line":3,"column":24}},"3":{"start":{"line":4,"column":0},"end":{"line":4,"column":44}},"4":{"start":{"line":5,"column":0},"end":{"line":5,"column":0}},"5":{"start":{"line":6,"column":0},"end":{"line":6,"column":14}},"6":{"start":{"line":7,"column":0},"end":{"line":7,"column":43}},"7":{"start":{"line":8,"column":0},"end":{"line":8,"column":74}},"8":{"start":{"line":9,"column":0},"end":{"line":9,"column":3}},"9":{"start":{"line":10,"column":0},"end":{"line":10,"column":0}},"10":{"start":{"line":11,"column":0},"end":{"line":11,"column":10}},"11":{"start":{"line":12,"column":0},"end":{"line":12,"column":48}},"12":{"start":{"line":13,"column":0},"end":{"line":13,"column":13}},"13":{"start":{"line":14,"column":0},"end":{"line":14,"column":224}},"14":{"start":{"line":15,"column":0},"end":{"line":15,"column":38}},"15":{"start":{"line":16,"column":0},"end":{"line":16,"column":7}},"16":{"start":{"line":17,"column":0},"end":{"line":17,"column":19}},"17":{"start":{"line":18,"column":0},"end":{"line":18,"column":15}},"18":{"start":{"line":19,"column":0},"end":{"line":19,"column":10}},"19":{"start":{"line":20,"column":0},"end":{"line":20,"column":4}},"20":{"start":{"line":21,"column":0},"end":{"line":21,"column":1}},"21":{"start":{"line":22,"column":0},"end":{"line":22,"column":0}},"22":{"start":{"line":23,"column":0},"end":{"line":23,"column":27}}},"s":{"0":1,"1":1,"2":41,"3":41,"4":41,"5":41,"6":0,"7":0,"8":0,"9":41,"10":41,"11":41,"12":41,"13":41,"14":41,"15":41,"16":41,"17":41,"18":41,"19":41,"20":41,"21":1,"22":1},"branchMap":{"0":{"type":"branch","line":3,"loc":{"start":{"line":3,"column":0},"end":{"line":21,"column":1}},"locations":[{"start":{"line":3,"column":0},"end":{"line":21,"column":1}}]},"1":{"type":"branch","line":6,"loc":{"start":{"line":6,"column":13},"end":{"line":9,"column":3}},"locations":[{"start":{"line":6,"column":13},"end":{"line":9,"column":3}}]}},"b":{"0":[41],"1":[0]},"fnMap":{"0":{"name":"ErrorButton","decl":{"start":{"line":3,"column":0},"end":{"line":21,"column":1}},"loc":{"start":{"line":3,"column":0},"end":{"line":21,"column":1}},"line":3},"1":{"name":"onClick","decl":{"start":{"line":15,"column":17},"end":{"line":15,"column":38}},"loc":{"start":{"line":15,"column":17},"end":{"line":15,"column":38}},"line":15}},"f":{"0":41,"1":0}}
,"/Users/andriiiudchenko/WORK/EDUCATION/WEB DEV/rs-school-react/sw-app/src/components/NotFound.tsx": {"path":"/Users/andriiiudchenko/WORK/EDUCATION/WEB DEV/rs-school-react/sw-app/src/components/NotFound.tsx","all":false,"statementMap":{"0":{"start":{"line":1,"column":0},"end":{"line":1,"column":21}},"1":{"start":{"line":2,"column":0},"end":{"line":2,"column":10}},"2":{"start":{"line":3,"column":0},"end":{"line":3,"column":75}},"3":{"start":{"line":4,"column":0},"end":{"line":4,"column":45}},"4":{"start":{"line":5,"column":0},"end":{"line":5,"column":52}},"5":{"start":{"line":6,"column":0},"end":{"line":6,"column":12}},"6":{"start":{"line":7,"column":0},"end":{"line":7,"column":10}},"7":{"start":{"line":8,"column":0},"end":{"line":8,"column":4}},"8":{"start":{"line":9,"column":0},"end":{"line":9,"column":1}},"9":{"start":{"line":10,"column":0},"end":{"line":10,"column":0}},"10":{"start":{"line":11,"column":0},"end":{"line":11,"column":24}}},"s":{"0":1,"1":1,"2":1,"3":1,"4":1,"5":1,"6":1,"7":1,"8":1,"9":1,"10":1},"branchMap":{"0":{"type":"branch","line":1,"loc":{"start":{"line":1,"column":0},"end":{"line":9,"column":1}},"locations":[{"start":{"line":1,"column":0},"end":{"line":9,"column":1}}]}},"b":{"0":[1]},"fnMap":{"0":{"name":"NotFound","decl":{"start":{"line":1,"column":0},"end":{"line":9,"column":1}},"loc":{"start":{"line":1,"column":0},"end":{"line":9,"column":1}},"line":1}},"f":{"0":1}}
,"/Users/andriiiudchenko/WORK/EDUCATION/WEB DEV/rs-school-react/sw-app/src/components/PageCountSelect.tsx": {"path":"/Users/andriiiudchenko/WORK/EDUCATION/WEB DEV/rs-school-react/sw-app/src/components/PageCountSelect.tsx","all":false,"statementMap":{"0":{"start":{"line":1,"column":0},"end":{"line":1,"column":8}},"1":{"start":{"line":2,"column":0},"end":{"line":2,"column":23}},"2":{"start":{"line":3,"column":0},"end":{"line":3,"column":24}},"3":{"start":{"line":4,"column":0},"end":{"line":4,"column":23}},"4":{"start":{"line":5,"column":0},"end":{"line":5,"column":28}},"5":{"start":{"line":6,"column":0},"end":{"line":6,"column":0}},"6":{"start":{"line":7,"column":0},"end":{"line":7,"column":29}},"7":{"start":{"line":8,"column":0},"end":{"line":8,"column":18}},"8":{"start":{"line":9,"column":0},"end":{"line":9,"column":62}},"9":{"start":{"line":10,"column":0},"end":{"line":10,"column":2}},"10":{"start":{"line":11,"column":0},"end":{"line":11,"column":0}},"11":{"start":{"line":12,"column":0},"end":{"line":12,"column":71}},"12":{"start":{"line":13,"column":0},"end":{"line":13,"column":10}},"13":{"start":{"line":14,"column":0},"end":{"line":14,"column":63}},"14":{"start":{"line":15,"column":0},"end":{"line":15,"column":12}},"15":{"start":{"line":16,"column":0},"end":{"line":16,"column":26}},"16":{"start":{"line":17,"column":0},"end":{"line":17,"column":75}},"17":{"start":{"line":18,"column":0},"end":{"line":18,"column":7}},"18":{"start":{"line":19,"column":0},"end":{"line":19,"column":22}},"19":{"start":{"line":20,"column":0},"end":{"line":20,"column":14}},"20":{"start":{"line":21,"column":0},"end":{"line":21,"column":13}},"21":{"start":{"line":22,"column":0},"end":{"line":22,"column":21}},"22":{"start":{"line":23,"column":0},"end":{"line":23,"column":30}},"23":{"start":{"line":24,"column":0},"end":{"line":24,"column":307}},"24":{"start":{"line":25,"column":0},"end":{"line":25,"column":23}},"25":{"start":{"line":26,"column":0},"end":{"line":26,"column":27}},"26":{"start":{"line":27,"column":0},"end":{"line":27,"column":7}},"27":{"start":{"line":28,"column":0},"end":{"line":28,"column":76}},"28":{"start":{"line":29,"column":0},"end":{"line":29,"column":78}},"29":{"start":{"line":30,"column":0},"end":{"line":30,"column":76}},"30":{"start":{"line":31,"column":0},"end":{"line":31,"column":15}},"31":{"start":{"line":32,"column":0},"end":{"line":32,"column":10}},"32":{"start":{"line":33,"column":0},"end":{"line":33,"column":4}},"33":{"start":{"line":34,"column":0},"end":{"line":34,"column":1}},"34":{"start":{"line":35,"column":0},"end":{"line":35,"column":0}},"35":{"start":{"line":36,"column":0},"end":{"line":36,"column":31}}},"s":{"0":1,"1":1,"2":1,"3":1,"4":1,"5":1,"6":1,"7":1,"8":1,"9":1,"10":1,"11":41,"12":41,"13":41,"14":41,"15":41,"16":41,"17":41,"18":41,"19":41,"20":41,"21":41,"22":41,"23":41,"24":41,"25":41,"26":41,"27":41,"28":41,"29":41,"30":41,"31":41,"32":41,"33":41,"34":1,"35":1},"branchMap":{"0":{"type":"branch","line":12,"loc":{"start":{"line":12,"column":0},"end":{"line":34,"column":1}},"locations":[{"start":{"line":12,"column":0},"end":{"line":34,"column":1}}]}},"b":{"0":[41]},"fnMap":{"0":{"name":"PageCountSelect","decl":{"start":{"line":12,"column":0},"end":{"line":34,"column":1}},"loc":{"start":{"line":12,"column":0},"end":{"line":34,"column":1}},"line":12}},"f":{"0":41}}
,"/Users/andriiiudchenko/WORK/EDUCATION/WEB DEV/rs-school-react/sw-app/src/components/Pagination.tsx": {"path":"/Users/andriiiudchenko/WORK/EDUCATION/WEB DEV/rs-school-react/sw-app/src/components/Pagination.tsx","all":false,"statementMap":{"0":{"start":{"line":1,"column":0},"end":{"line":1,"column":40}},"1":{"start":{"line":2,"column":0},"end":{"line":2,"column":39}},"2":{"start":{"line":3,"column":0},"end":{"line":3,"column":43}},"3":{"start":{"line":4,"column":0},"end":{"line":4,"column":0}},"4":{"start":{"line":5,"column":0},"end":{"line":5,"column":24}},"5":{"start":{"line":6,"column":0},"end":{"line":6,"column":20}},"6":{"start":{"line":7,"column":0},"end":{"line":7,"column":22}},"7":{"start":{"line":8,"column":0},"end":{"line":8,"column":21}},"8":{"start":{"line":9,"column":0},"end":{"line":9,"column":39}},"9":{"start":{"line":10,"column":0},"end":{"line":10,"column":2}},"10":{"start":{"line":11,"column":0},"end":{"line":11,"column":0}},"11":{"start":{"line":12,"column":0},"end":{"line":12,"column":21}},"12":{"start":{"line":13,"column":0},"end":{"line":13,"column":9}},"13":{"start":{"line":14,"column":0},"end":{"line":14,"column":14}},"14":{"start":{"line":15,"column":0},"end":{"line":15,"column":13}},"15":{"start":{"line":16,"column":0},"end":{"line":16,"column":15}},"16":{"start":{"line":17,"column":0},"end":{"line":17,"column":21}},"17":{"start":{"line":18,"column":0},"end":{"line":18,"column":37}},"18":{"start":{"line":19,"column":0},"end":{"line":19,"column":0}},"19":{"start":{"line":20,"column":0},"end":{"line":20,"column":10}},"20":{"start":{"line":21,"column":0},"end":{"line":21,"column":35}},"21":{"start":{"line":22,"column":0},"end":{"line":22,"column":23}},"22":{"start":{"line":23,"column":0},"end":{"line":23,"column":10}},"23":{"start":{"line":24,"column":0},"end":{"line":24,"column":32}},"24":{"start":{"line":25,"column":0},"end":{"line":25,"column":83}},"25":{"start":{"line":26,"column":0},"end":{"line":26,"column":7}},"26":{"start":{"line":27,"column":0},"end":{"line":27,"column":30}},"27":{"start":{"line":28,"column":0},"end":{"line":28,"column":18}},"28":{"start":{"line":29,"column":0},"end":{"line":29,"column":17}},"29":{"start":{"line":30,"column":0},"end":{"line":30,"column":24}},"30":{"start":{"line":31,"column":0},"end":{"line":31,"column":42}},"31":{"start":{"line":32,"column":0},"end":{"line":32,"column":35}},"32":{"start":{"line":33,"column":0},"end":{"line":33,"column":48}},"33":{"start":{"line":34,"column":0},"end":{"line":34,"column":96}},"34":{"start":{"line":35,"column":0},"end":{"line":35,"column":36}},"35":{"start":{"line":36,"column":0},"end":{"line":36,"column":44}},"36":{"start":{"line":37,"column":0},"end":{"line":37,"column":57}},"37":{"start":{"line":38,"column":0},"end":{"line":38,"column":17}},"38":{"start":{"line":39,"column":0},"end":{"line":39,"column":13}},"39":{"start":{"line":40,"column":0},"end":{"line":40,"column":20}},"40":{"start":{"line":41,"column":0},"end":{"line":41,"column":19}},"41":{"start":{"line":42,"column":0},"end":{"line":42,"column":12}},"42":{"start":{"line":43,"column":0},"end":{"line":43,"column":11}},"43":{"start":{"line":44,"column":0},"end":{"line":44,"column":12}},"44":{"start":{"line":45,"column":0},"end":{"line":45,"column":5}},"45":{"start":{"line":46,"column":0},"end":{"line":46,"column":4}},"46":{"start":{"line":47,"column":0},"end":{"line":47,"column":1}},"47":{"start":{"line":48,"column":0},"end":{"line":48,"column":0}},"48":{"start":{"line":49,"column":0},"end":{"line":49,"column":26}}},"s":{"0":1,"1":1,"2":1,"3":1,"4":1,"5":1,"6":1,"7":1,"8":1,"9":1,"10":1,"11":41,"12":41,"13":41,"14":41,"15":41,"16":41,"17":41,"18":41,"19":41,"20":41,"21":27,"22":13,"23":13,"24":13,"25":13,"26":13,"27":121,"28":121,"29":121,"30":121,"31":121,"32":121,"33":121,"34":121,"35":13,"36":108,"37":121,"38":121,"39":121,"40":121,"41":121,"42":13,"43":13,"44":41,"45":41,"46":41,"47":1,"48":1},"branchMap":{"0":{"type":"branch","line":12,"loc":{"start":{"line":12,"column":0},"end":{"line":47,"column":1}},"locations":[{"start":{"line":12,"column":0},"end":{"line":47,"column":1}}]},"1":{"type":"branch","line":21,"loc":{"start":{"line":21,"column":25},"end":{"line":22,"column":23}},"locations":[{"start":{"line":21,"column":25},"end":{"line":22,"column":23}}]},"2":{"type":"branch","line":22,"loc":{"start":{"line":22,"column":17},"end":{"line":44,"column":12}},"locations":[{"start":{"line":22,"column":17},"end":{"line":44,"column":12}}]},"3":{"type":"branch","line":27,"loc":{"start":{"line":27,"column":19},"end":{"line":43,"column":9}},"locations":[{"start":{"line":27,"column":19},"end":{"line":43,"column":9}}]},"4":{"type":"branch","line":35,"loc":{"start":{"line":35,"column":32},"end":{"line":36,"column":44}},"locations":[{"start":{"line":35,"column":32},"end":{"line":36,"column":44}}]},"5":{"type":"branch","line":36,"loc":{"start":{"line":36,"column":20},"end":{"line":37,"column":57}},"locations":[{"start":{"line":36,"column":20},"end":{"line":37,"column":57}}]},"6":{"type":"branch","line":33,"loc":{"start":{"line":33,"column":23},"end":{"line":33,"column":48}},"locations":[{"start":{"line":33,"column":23},"end":{"line":33,"column":48}}]}},"b":{"0":[41],"1":[27],"2":[13],"3":[121],"4":[13],"5":[108],"6":[1]},"fnMap":{"0":{"name":"Pagination","decl":{"start":{"line":12,"column":0},"end":{"line":47,"column":1}},"loc":{"start":{"line":12,"column":0},"end":{"line":47,"column":1}},"line":12},"1":{"name":"onClick","decl":{"start":{"line":33,"column":23},"end":{"line":33,"column":48}},"loc":{"start":{"line":33,"column":23},"end":{"line":33,"column":48}},"line":33}},"f":{"0":41,"1":1}}
,"/Users/andriiiudchenko/WORK/EDUCATION/WEB DEV/rs-school-react/sw-app/src/components/Results.tsx": {"path":"/Users/andriiiudchenko/WORK/EDUCATION/WEB DEV/rs-school-react/sw-app/src/components/Results.tsx","all":false,"statementMap":{"0":{"start":{"line":1,"column":0},"end":{"line":1,"column":32}},"1":{"start":{"line":2,"column":0},"end":{"line":2,"column":36}},"2":{"start":{"line":3,"column":0},"end":{"line":3,"column":44}},"3":{"start":{"line":4,"column":0},"end":{"line":4,"column":0}},"4":{"start":{"line":5,"column":0},"end":{"line":5,"column":25}},"5":{"start":{"line":6,"column":0},"end":{"line":6,"column":17}},"6":{"start":{"line":7,"column":0},"end":{"line":7,"column":24}},"7":{"start":{"line":8,"column":0},"end":{"line":8,"column":1}},"8":{"start":{"line":9,"column":0},"end":{"line":9,"column":0}},"9":{"start":{"line":10,"column":0},"end":{"line":10,"column":54}},"10":{"start":{"line":11,"column":0},"end":{"line":11,"column":10}},"11":{"start":{"line":12,"column":0},"end":{"line":12,"column":119}},"12":{"start":{"line":13,"column":0},"end":{"line":13,"column":49}},"13":{"start":{"line":14,"column":0},"end":{"line":14,"column":45}},"14":{"start":{"line":15,"column":0},"end":{"line":15,"column":32}},"15":{"start":{"line":16,"column":0},"end":{"line":16,"column":60}},"16":{"start":{"line":17,"column":0},"end":{"line":17,"column":10}},"17":{"start":{"line":18,"column":0},"end":{"line":18,"column":31}},"18":{"start":{"line":19,"column":0},"end":{"line":19,"column":31}},"19":{"start":{"line":20,"column":0},"end":{"line":20,"column":38}},"20":{"start":{"line":21,"column":0},"end":{"line":21,"column":30}},"21":{"start":{"line":22,"column":0},"end":{"line":22,"column":27}},"22":{"start":{"line":23,"column":0},"end":{"line":23,"column":27}},"23":{"start":{"line":24,"column":0},"end":{"line":24,"column":37}},"24":{"start":{"line":25,"column":0},"end":{"line":25,"column":22}},"25":{"start":{"line":26,"column":0},"end":{"line":26,"column":14}},"26":{"start":{"line":27,"column":0},"end":{"line":27,"column":72}},"27":{"start":{"line":28,"column":0},"end":{"line":28,"column":13}},"28":{"start":{"line":29,"column":0},"end":{"line":29,"column":57}},"29":{"start":{"line":30,"column":0},"end":{"line":30,"column":53}},"30":{"start":{"line":31,"column":0},"end":{"line":31,"column":10}},"31":{"start":{"line":32,"column":0},"end":{"line":32,"column":11}},"32":{"start":{"line":33,"column":0},"end":{"line":33,"column":11}},"33":{"start":{"line":34,"column":0},"end":{"line":34,"column":4}},"34":{"start":{"line":35,"column":0},"end":{"line":35,"column":1}},"35":{"start":{"line":36,"column":0},"end":{"line":36,"column":0}},"36":{"start":{"line":37,"column":0},"end":{"line":37,"column":23}}},"s":{"0":1,"1":1,"2":1,"3":1,"4":1,"5":1,"6":1,"7":1,"8":1,"9":42,"10":42,"11":42,"12":42,"13":42,"14":42,"15":0,"16":42,"17":42,"18":27,"19":16,"20":138,"21":138,"22":138,"23":138,"24":138,"25":138,"26":138,"27":16,"28":42,"29":11,"30":42,"31":42,"32":42,"33":42,"34":42,"35":1,"36":1},"branchMap":{"0":{"type":"branch","line":10,"loc":{"start":{"line":10,"column":0},"end":{"line":35,"column":1}},"locations":[{"start":{"line":10,"column":0},"end":{"line":35,"column":1}}]},"1":{"type":"branch","line":14,"loc":{"start":{"line":14,"column":20},"end":{"line":14,"column":45}},"locations":[{"start":{"line":14,"column":20},"end":{"line":14,"column":45}}]},"2":{"type":"branch","line":15,"loc":{"start":{"line":15,"column":20},"end":{"line":16,"column":60}},"locations":[{"start":{"line":15,"column":20},"end":{"line":16,"column":60}}]},"3":{"type":"branch","line":18,"loc":{"start":{"line":18,"column":20},"end":{"line":19,"column":31}},"locations":[{"start":{"line":18,"column":20},"end":{"line":19,"column":31}}]},"4":{"type":"branch","line":19,"loc":{"start":{"line":19,"column":27},"end":{"line":28,"column":13}},"locations":[{"start":{"line":19,"column":27},"end":{"line":28,"column":13}}]},"5":{"type":"branch","line":29,"loc":{"start":{"line":29,"column":20},"end":{"line":29,"column":57}},"locations":[{"start":{"line":29,"column":20},"end":{"line":29,"column":57}}]},"6":{"type":"branch","line":29,"loc":{"start":{"line":29,"column":51},"end":{"line":30,"column":53}},"locations":[{"start":{"line":29,"column":51},"end":{"line":30,"column":53}}]},"7":{"type":"branch","line":20,"loc":{"start":{"line":20,"column":22},"end":{"line":28,"column":11}},"locations":[{"start":{"line":20,"column":22},"end":{"line":28,"column":11}}]},"8":{"type":"branch","line":24,"loc":{"start":{"line":24,"column":24},"end":{"line":24,"column":36}},"locations":[{"start":{"line":24,"column":24},"end":{"line":24,"column":36}}]}},"b":{"0":[42],"1":[14],"2":[0],"3":[27],"4":[16],"5":[27],"6":[11],"7":[138],"8":[966]},"fnMap":{"0":{"name":"Results","decl":{"start":{"line":10,"column":0},"end":{"line":35,"column":1}},"loc":{"start":{"line":10,"column":0},"end":{"line":35,"column":1}},"line":10}},"f":{"0":42}}
,"/Users/andriiiudchenko/WORK/EDUCATION/WEB DEV/rs-school-react/sw-app/src/components/Search.tsx": {"path":"/Users/andriiiudchenko/WORK/EDUCATION/WEB DEV/rs-school-react/sw-app/src/components/Search.tsx","all":false,"statementMap":{"0":{"start":{"line":1,"column":0},"end":{"line":1,"column":26}},"1":{"start":{"line":2,"column":0},"end":{"line":2,"column":43}},"2":{"start":{"line":3,"column":0},"end":{"line":3,"column":64}},"3":{"start":{"line":4,"column":0},"end":{"line":4,"column":36}},"4":{"start":{"line":5,"column":0},"end":{"line":5,"column":0}},"5":{"start":{"line":6,"column":0},"end":{"line":6,"column":24}},"6":{"start":{"line":7,"column":0},"end":{"line":7,"column":21}},"7":{"start":{"line":8,"column":0},"end":{"line":8,"column":20}},"8":{"start":{"line":9,"column":0},"end":{"line":9,"column":38}},"9":{"start":{"line":10,"column":0},"end":{"line":10,"column":1}},"10":{"start":{"line":11,"column":0},"end":{"line":11,"column":0}},"11":{"start":{"line":12,"column":0},"end":{"line":12,"column":71}},"12":{"start":{"line":13,"column":0},"end":{"line":13,"column":43}},"13":{"start":{"line":14,"column":0},"end":{"line":14,"column":0}},"14":{"start":{"line":15,"column":0},"end":{"line":15,"column":33}},"15":{"start":{"line":16,"column":0},"end":{"line":16,"column":0}},"16":{"start":{"line":17,"column":0},"end":{"line":17,"column":19}},"17":{"start":{"line":18,"column":0},"end":{"line":18,"column":53}},"18":{"start":{"line":19,"column":0},"end":{"line":19,"column":23}},"19":{"start":{"line":20,"column":0},"end":{"line":20,"column":77}},"20":{"start":{"line":21,"column":0},"end":{"line":21,"column":18}},"21":{"start":{"line":22,"column":0},"end":{"line":22,"column":26}},"22":{"start":{"line":23,"column":0},"end":{"line":23,"column":45}},"23":{"start":{"line":24,"column":0},"end":{"line":24,"column":0}},"24":{"start":{"line":25,"column":0},"end":{"line":25,"column":45}},"25":{"start":{"line":26,"column":0},"end":{"line":26,"column":66}},"26":{"start":{"line":27,"column":0},"end":{"line":27,"column":41}},"27":{"start":{"line":28,"column":0},"end":{"line":28,"column":44}},"28":{"start":{"line":29,"column":0},"end":{"line":29,"column":39}},"29":{"start":{"line":30,"column":0},"end":{"line":30,"column":42}},"30":{"start":{"line":31,"column":0},"end":{"line":31,"column":0}},"31":{"start":{"line":32,"column":0},"end":{"line":32,"column":52}},"32":{"start":{"line":33,"column":0},"end":{"line":33,"column":0}},"33":{"start":{"line":34,"column":0},"end":{"line":34,"column":58}},"34":{"start":{"line":35,"column":0},"end":{"line":35,"column":31}},"35":{"start":{"line":36,"column":0},"end":{"line":36,"column":4}},"36":{"start":{"line":37,"column":0},"end":{"line":37,"column":0}},"37":{"start":{"line":38,"column":0},"end":{"line":38,"column":10}},"38":{"start":{"line":39,"column":0},"end":{"line":39,"column":26}},"39":{"start":{"line":40,"column":0},"end":{"line":40,"column":63}},"40":{"start":{"line":41,"column":0},"end":{"line":41,"column":61}},"41":{"start":{"line":42,"column":0},"end":{"line":42,"column":13}},"42":{"start":{"line":43,"column":0},"end":{"line":43,"column":10}},"43":{"start":{"line":44,"column":0},"end":{"line":44,"column":4}},"44":{"start":{"line":45,"column":0},"end":{"line":45,"column":1}},"45":{"start":{"line":46,"column":0},"end":{"line":46,"column":0}},"46":{"start":{"line":47,"column":0},"end":{"line":47,"column":22}}},"s":{"0":1,"1":1,"2":1,"3":1,"4":1,"5":1,"6":1,"7":1,"8":1,"9":1,"10":1,"11":41,"12":41,"13":41,"14":41,"15":41,"16":41,"17":41,"18":1,"19":1,"20":1,"21":1,"22":1,"23":1,"24":1,"25":1,"26":1,"27":1,"28":1,"29":1,"30":1,"31":1,"32":1,"33":1,"34":1,"35":1,"36":41,"37":41,"38":41,"39":41,"40":41,"41":41,"42":41,"43":41,"44":41,"45":1,"46":1},"branchMap":{"0":{"type":"branch","line":12,"loc":{"start":{"line":12,"column":0},"end":{"line":45,"column":1}},"locations":[{"start":{"line":12,"column":0},"end":{"line":45,"column":1}}]},"1":{"type":"branch","line":18,"loc":{"start":{"line":18,"column":23},"end":{"line":36,"column":4}},"locations":[{"start":{"line":18,"column":23},"end":{"line":36,"column":4}}]}},"b":{"0":[41],"1":[1]},"fnMap":{"0":{"name":"Search","decl":{"start":{"line":12,"column":0},"end":{"line":45,"column":1}},"loc":{"start":{"line":12,"column":0},"end":{"line":45,"column":1}},"line":12},"1":{"name":"handleSearch","decl":{"start":{"line":18,"column":23},"end":{"line":36,"column":4}},"loc":{"start":{"line":18,"column":23},"end":{"line":36,"column":4}},"line":18}},"f":{"0":41,"1":1}}
,"/Users/andriiiudchenko/WORK/EDUCATION/WEB DEV/rs-school-react/sw-app/src/components/SearchBar.tsx": {"path":"/Users/andriiiudchenko/WORK/EDUCATION/WEB DEV/rs-school-react/sw-app/src/components/SearchBar.tsx","all":false,"statementMap":{"0":{"start":{"line":1,"column":0},"end":{"line":1,"column":26}},"1":{"start":{"line":2,"column":0},"end":{"line":2,"column":43}},"2":{"start":{"line":3,"column":0},"end":{"line":3,"column":0}},"3":{"start":{"line":4,"column":0},"end":{"line":4,"column":27}},"4":{"start":{"line":5,"column":0},"end":{"line":5,"column":21}},"5":{"start":{"line":6,"column":0},"end":{"line":6,"column":20}},"6":{"start":{"line":7,"column":0},"end":{"line":7,"column":1}},"7":{"start":{"line":8,"column":0},"end":{"line":8,"column":0}},"8":{"start":{"line":9,"column":0},"end":{"line":9,"column":61}},"9":{"start":{"line":10,"column":0},"end":{"line":10,"column":10}},"10":{"start":{"line":11,"column":0},"end":{"line":11,"column":6}},"11":{"start":{"line":12,"column":0},"end":{"line":12,"column":12}},"12":{"start":{"line":13,"column":0},"end":{"line":13,"column":32}},"13":{"start":{"line":14,"column":0},"end":{"line":14,"column":82}},"14":{"start":{"line":15,"column":0},"end":{"line":15,"column":7}},"15":{"start":{"line":16,"column":0},"end":{"line":16,"column":14}},"16":{"start":{"line":17,"column":0},"end":{"line":17,"column":14}},"17":{"start":{"line":18,"column":0},"end":{"line":18,"column":32}},"18":{"start":{"line":19,"column":0},"end":{"line":19,"column":94}},"19":{"start":{"line":20,"column":0},"end":{"line":20,"column":14}},"20":{"start":{"line":21,"column":0},"end":{"line":21,"column":69}},"21":{"start":{"line":22,"column":0},"end":{"line":22,"column":30}},"22":{"start":{"line":23,"column":0},"end":{"line":23,"column":46}},"23":{"start":{"line":24,"column":0},"end":{"line":24,"column":23}},"24":{"start":{"line":25,"column":0},"end":{"line":25,"column":31}},"25":{"start":{"line":26,"column":0},"end":{"line":26,"column":11}},"26":{"start":{"line":27,"column":0},"end":{"line":27,"column":17}},"27":{"start":{"line":28,"column":0},"end":{"line":28,"column":35}},"28":{"start":{"line":29,"column":0},"end":{"line":29,"column":35}},"29":{"start":{"line":30,"column":0},"end":{"line":30,"column":36}},"30":{"start":{"line":31,"column":0},"end":{"line":31,"column":29}},"31":{"start":{"line":32,"column":0},"end":{"line":32,"column":62}},"32":{"start":{"line":33,"column":0},"end":{"line":33,"column":14}},"33":{"start":{"line":34,"column":0},"end":{"line":34,"column":16}},"34":{"start":{"line":35,"column":0},"end":{"line":35,"column":14}},"35":{"start":{"line":36,"column":0},"end":{"line":36,"column":14}},"36":{"start":{"line":37,"column":0},"end":{"line":37,"column":23}},"37":{"start":{"line":38,"column":0},"end":{"line":38,"column":25}},"38":{"start":{"line":39,"column":0},"end":{"line":39,"column":27}},"39":{"start":{"line":40,"column":0},"end":{"line":40,"column":35}},"40":{"start":{"line":41,"column":0},"end":{"line":41,"column":28}},"41":{"start":{"line":42,"column":0},"end":{"line":42,"column":305}},"42":{"start":{"line":43,"column":0},"end":{"line":43,"column":52}},"43":{"start":{"line":44,"column":0},"end":{"line":44,"column":49}},"44":{"start":{"line":45,"column":0},"end":{"line":45,"column":10}},"45":{"start":{"line":46,"column":0},"end":{"line":46,"column":15}},"46":{"start":{"line":47,"column":0},"end":{"line":47,"column":23}},"47":{"start":{"line":48,"column":0},"end":{"line":48,"column":34}},"48":{"start":{"line":49,"column":0},"end":{"line":49,"column":250}},"49":{"start":{"line":50,"column":0},"end":{"line":50,"column":49}},"50":{"start":{"line":51,"column":0},"end":{"line":51,"column":9}},"51":{"start":{"line":52,"column":0},"end":{"line":52,"column":16}},"52":{"start":{"line":53,"column":0},"end":{"line":53,"column":17}},"53":{"start":{"line":54,"column":0},"end":{"line":54,"column":12}},"54":{"start":{"line":55,"column":0},"end":{"line":55,"column":7}},"55":{"start":{"line":56,"column":0},"end":{"line":56,"column":4}},"56":{"start":{"line":57,"column":0},"end":{"line":57,"column":1}},"57":{"start":{"line":58,"column":0},"end":{"line":58,"column":0}},"58":{"start":{"line":59,"column":0},"end":{"line":59,"column":25}}},"s":{"0":1,"1":1,"2":1,"3":1,"4":1,"5":1,"6":1,"7":1,"8":41,"9":41,"10":41,"11":41,"12":41,"13":41,"14":41,"15":41,"16":41,"17":41,"18":41,"19":41,"20":41,"21":41,"22":41,"23":41,"24":41,"25":41,"26":41,"27":41,"28":41,"29":41,"30":41,"31":41,"32":41,"33":41,"34":41,"35":41,"36":41,"37":41,"38":41,"39":41,"40":41,"41":41,"42":41,"43":41,"44":41,"45":41,"46":41,"47":41,"48":41,"49":41,"50":41,"51":41,"52":41,"53":41,"54":41,"55":41,"56":41,"57":1,"58":1},"branchMap":{"0":{"type":"branch","line":9,"loc":{"start":{"line":9,"column":0},"end":{"line":57,"column":1}},"locations":[{"start":{"line":9,"column":0},"end":{"line":57,"column":1}}]}},"b":{"0":[41]},"fnMap":{"0":{"name":"SearchBar","decl":{"start":{"line":9,"column":0},"end":{"line":57,"column":1}},"loc":{"start":{"line":9,"column":0},"end":{"line":57,"column":1}},"line":9}},"f":{"0":41}}
,"/Users/andriiiudchenko/WORK/EDUCATION/WEB DEV/rs-school-react/sw-app/src/components/Spinner.tsx": {"path":"/Users/andriiiudchenko/WORK/EDUCATION/WEB DEV/rs-school-react/sw-app/src/components/Spinner.tsx","all":false,"statementMap":{"0":{"start":{"line":1,"column":0},"end":{"line":1,"column":20}},"1":{"start":{"line":2,"column":0},"end":{"line":2,"column":10}},"2":{"start":{"line":3,"column":0},"end":{"line":3,"column":65}},"3":{"start":{"line":4,"column":0},"end":{"line":4,"column":10}},"4":{"start":{"line":5,"column":0},"end":{"line":5,"column":26}},"5":{"start":{"line":6,"column":0},"end":{"line":6,"column":95}},"6":{"start":{"line":7,"column":0},"end":{"line":7,"column":29}},"7":{"start":{"line":8,"column":0},"end":{"line":8,"column":19}},"8":{"start":{"line":9,"column":0},"end":{"line":9,"column":42}},"9":{"start":{"line":10,"column":0},"end":{"line":10,"column":7}},"10":{"start":{"line":11,"column":0},"end":{"line":11,"column":13}},"11":{"start":{"line":12,"column":0},"end":{"line":12,"column":378}},"12":{"start":{"line":13,"column":0},"end":{"line":13,"column":29}},"13":{"start":{"line":14,"column":0},"end":{"line":14,"column":10}},"14":{"start":{"line":15,"column":0},"end":{"line":15,"column":13}},"15":{"start":{"line":16,"column":0},"end":{"line":16,"column":603}},"16":{"start":{"line":17,"column":0},"end":{"line":17,"column":28}},"17":{"start":{"line":18,"column":0},"end":{"line":18,"column":10}},"18":{"start":{"line":19,"column":0},"end":{"line":19,"column":12}},"19":{"start":{"line":20,"column":0},"end":{"line":20,"column":49}},"20":{"start":{"line":21,"column":0},"end":{"line":21,"column":10}},"21":{"start":{"line":22,"column":0},"end":{"line":22,"column":4}},"22":{"start":{"line":23,"column":0},"end":{"line":23,"column":1}},"23":{"start":{"line":24,"column":0},"end":{"line":24,"column":0}},"24":{"start":{"line":25,"column":0},"end":{"line":25,"column":23}}},"s":{"0":16,"1":16,"2":16,"3":16,"4":16,"5":16,"6":16,"7":16,"8":16,"9":16,"10":16,"11":16,"12":16,"13":16,"14":16,"15":16,"16":16,"17":16,"18":16,"19":16,"20":16,"21":16,"22":16,"23":1,"24":1},"branchMap":{"0":{"type":"branch","line":1,"loc":{"start":{"line":1,"column":0},"end":{"line":23,"column":1}},"locations":[{"start":{"line":1,"column":0},"end":{"line":23,"column":1}}]}},"b":{"0":[16]},"fnMap":{"0":{"name":"Spinner","decl":{"start":{"line":1,"column":0},"end":{"line":23,"column":1}},"loc":{"start":{"line":1,"column":0},"end":{"line":23,"column":1}},"line":1}},"f":{"0":16}}
,"/Users/andriiiudchenko/WORK/EDUCATION/WEB DEV/rs-school-react/sw-app/src/context/SearchContext.tsx": {"path":"/Users/andriiiudchenko/WORK/EDUCATION/WEB DEV/rs-school-react/sw-app/src/context/SearchContext.tsx","all":false,"statementMap":{"0":{"start":{"line":1,"column":0},"end":{"line":1,"column":8}},"1":{"start":{"line":2,"column":0},"end":{"line":2,"column":16}},"2":{"start":{"line":3,"column":0},"end":{"line":3,"column":13}},"3":{"start":{"line":4,"column":0},"end":{"line":4,"column":12}},"4":{"start":{"line":5,"column":0},"end":{"line":5,"column":11}},"5":{"start":{"line":6,"column":0},"end":{"line":6,"column":12}},"6":{"start":{"line":7,"column":0},"end":{"line":7,"column":15}},"7":{"start":{"line":8,"column":0},"end":{"line":8,"column":60}},"8":{"start":{"line":9,"column":0},"end":{"line":9,"column":0}},"9":{"start":{"line":10,"column":0},"end":{"line":10,"column":45}},"10":{"start":{"line":11,"column":0},"end":{"line":11,"column":47}},"11":{"start":{"line":12,"column":0},"end":{"line":12,"column":53}},"12":{"start":{"line":13,"column":0},"end":{"line":13,"column":17}},"13":{"start":{"line":14,"column":0},"end":{"line":14,"column":26}},"14":{"start":{"line":15,"column":0},"end":{"line":15,"column":14}},"15":{"start":{"line":16,"column":0},"end":{"line":16,"column":23}},"16":{"start":{"line":17,"column":0},"end":{"line":17,"column":3}},"17":{"start":{"line":18,"column":0},"end":{"line":18,"column":0}},"18":{"start":{"line":19,"column":0},"end":{"line":19,"column":64}},"19":{"start":{"line":20,"column":0},"end":{"line":20,"column":55}},"20":{"start":{"line":21,"column":0},"end":{"line":21,"column":51}},"21":{"start":{"line":22,"column":0},"end":{"line":22,"column":4}},"22":{"start":{"line":23,"column":0},"end":{"line":23,"column":59}},"23":{"start":{"line":24,"column":0},"end":{"line":24,"column":0}},"24":{"start":{"line":25,"column":0},"end":{"line":25,"column":10}},"25":{"start":{"line":26,"column":0},"end":{"line":26,"column":27}},"26":{"start":{"line":27,"column":0},"end":{"line":27,"column":14}},"27":{"start":{"line":28,"column":0},"end":{"line":28,"column":19}},"28":{"start":{"line":29,"column":0},"end":{"line":29,"column":22}},"29":{"start":{"line":30,"column":0},"end":{"line":30,"column":16}},"30":{"start":{"line":31,"column":0},"end":{"line":31,"column":19}},"31":{"start":{"line":32,"column":0},"end":{"line":32,"column":8}},"32":{"start":{"line":33,"column":0},"end":{"line":33,"column":5}},"33":{"start":{"line":34,"column":0},"end":{"line":34,"column":16}},"34":{"start":{"line":35,"column":0},"end":{"line":35,"column":29}},"35":{"start":{"line":36,"column":0},"end":{"line":36,"column":4}},"36":{"start":{"line":37,"column":0},"end":{"line":37,"column":1}},"37":{"start":{"line":38,"column":0},"end":{"line":38,"column":0}},"38":{"start":{"line":39,"column":0},"end":{"line":39,"column":22}},"39":{"start":{"line":40,"column":0},"end":{"line":40,"column":44}},"40":{"start":{"line":41,"column":0},"end":{"line":41,"column":28}},"41":{"start":{"line":42,"column":0},"end":{"line":42,"column":76}},"42":{"start":{"line":43,"column":0},"end":{"line":43,"column":17}},"43":{"start":{"line":44,"column":0},"end":{"line":44,"column":1}},"44":{"start":{"line":45,"column":0},"end":{"line":45,"column":0}},"45":{"start":{"line":46,"column":0},"end":{"line":46,"column":37}}},"s":{"0":1,"1":1,"2":1,"3":1,"4":1,"5":1,"6":1,"7":1,"8":1,"9":1,"10":1,"11":1,"12":1,"13":1,"14":1,"15":1,"16":1,"17":1,"18":28,"19":28,"20":28,"21":28,"22":28,"23":28,"24":28,"25":28,"26":28,"27":28,"28":28,"29":28,"30":28,"31":28,"32":28,"33":28,"34":28,"35":28,"36":28,"37":1,"38":42,"39":42,"40":42,"41":42,"42":41,"43":41,"44":1,"45":1},"branchMap":{"0":{"type":"branch","line":19,"loc":{"start":{"line":19,"column":0},"end":{"line":37,"column":1}},"locations":[{"start":{"line":19,"column":0},"end":{"line":37,"column":1}}]},"1":{"type":"branch","line":21,"loc":{"start":{"line":21,"column":44},"end":{"line":21,"column":51}},"locations":[{"start":{"line":21,"column":44},"end":{"line":21,"column":51}}]},"2":{"type":"branch","line":39,"loc":{"start":{"line":39,"column":0},"end":{"line":44,"column":1}},"locations":[{"start":{"line":39,"column":0},"end":{"line":44,"column":1}}]},"3":{"type":"branch","line":42,"loc":{"start":{"line":42,"column":4},"end":{"line":42,"column":76}},"locations":[{"start":{"line":42,"column":4},"end":{"line":42,"column":76}}]},"4":{"type":"branch","line":42,"loc":{"start":{"line":42,"column":74},"end":{"line":44,"column":1}},"locations":[{"start":{"line":42,"column":74},"end":{"line":44,"column":1}}]}},"b":{"0":[28],"1":[24],"2":[42],"3":[0],"4":[41]},"fnMap":{"0":{"name":"setSearchTerm","decl":{"start":{"line":14,"column":17},"end":{"line":14,"column":26}},"loc":{"start":{"line":14,"column":17},"end":{"line":14,"column":26}},"line":14},"1":{"name":"setResults","decl":{"start":{"line":16,"column":14},"end":{"line":16,"column":23}},"loc":{"start":{"line":16,"column":14},"end":{"line":16,"column":23}},"line":16},"2":{"name":"SearchProvider","decl":{"start":{"line":19,"column":0},"end":{"line":37,"column":1}},"loc":{"start":{"line":19,"column":0},"end":{"line":37,"column":1}},"line":19},"3":{"name":"useSearch","decl":{"start":{"line":39,"column":0},"end":{"line":44,"column":1}},"loc":{"start":{"line":39,"column":0},"end":{"line":44,"column":1}},"line":39}},"f":{"0":0,"1":0,"2":28,"3":42}}
,"/Users/andriiiudchenko/WORK/EDUCATION/WEB DEV/rs-school-react/sw-app/src/types/types.tsx": {"path":"/Users/andriiiudchenko/WORK/EDUCATION/WEB DEV/rs-school-react/sw-app/src/types/types.tsx","all":false,"statementMap":{"0":{"start":{"line":1,"column":0},"end":{"line":1,"column":23}},"1":{"start":{"line":2,"column":0},"end":{"line":2,"column":20}},"2":{"start":{"line":3,"column":0},"end":{"line":3,"column":22}},"3":{"start":{"line":4,"column":0},"end":{"line":4,"column":18}},"4":{"start":{"line":5,"column":0},"end":{"line":5,"column":1}},"5":{"start":{"line":6,"column":0},"end":{"line":6,"column":0}},"6":{"start":{"line":7,"column":0},"end":{"line":7,"column":29}},"7":{"start":{"line":8,"column":0},"end":{"line":8,"column":21}},"8":{"start":{"line":9,"column":0},"end":{"line":9,"column":20}},"9":{"start":{"line":10,"column":0},"end":{"line":10,"column":18}},"10":{"start":{"line":11,"column":0},"end":{"line":11,"column":17}},"11":{"start":{"line":12,"column":0},"end":{"line":12,"column":21}},"12":{"start":{"line":13,"column":0},"end":{"line":13,"column":17}},"13":{"start":{"line":14,"column":0},"end":{"line":14,"column":20}},"14":{"start":{"line":15,"column":0},"end":{"line":15,"column":15}},"15":{"start":{"line":16,"column":0},"end":{"line":16,"column":15}},"16":{"start":{"line":17,"column":0},"end":{"line":17,"column":21}},"17":{"start":{"line":18,"column":0},"end":{"line":18,"column":18}},"18":{"start":{"line":19,"column":0},"end":{"line":19,"column":17}},"19":{"start":{"line":20,"column":0},"end":{"line":20,"column":20}},"20":{"start":{"line":21,"column":0},"end":{"line":21,"column":22}},"21":{"start":{"line":22,"column":0},"end":{"line":22,"column":14}},"22":{"start":{"line":23,"column":0},"end":{"line":23,"column":21}},"23":{"start":{"line":24,"column":0},"end":{"line":24,"column":1}},"24":{"start":{"line":25,"column":0},"end":{"line":25,"column":0}},"25":{"start":{"line":26,"column":0},"end":{"line":26,"column":37}},"26":{"start":{"line":27,"column":0},"end":{"line":27,"column":16}},"27":{"start":{"line":28,"column":0},"end":{"line":28,"column":22}},"28":{"start":{"line":29,"column":0},"end":{"line":29,"column":26}},"29":{"start":{"line":30,"column":0},"end":{"line":30,"column":24}},"30":{"start":{"line":31,"column":0},"end":{"line":31,"column":1}},"31":{"start":{"line":32,"column":0},"end":{"line":32,"column":0}},"32":{"start":{"line":33,"column":0},"end":{"line":33,"column":33}},"33":{"start":{"line":34,"column":0},"end":{"line":34,"column":21}},"34":{"start":{"line":35,"column":0},"end":{"line":35,"column":62}},"35":{"start":{"line":36,"column":0},"end":{"line":36,"column":24}},"36":{"start":{"line":37,"column":0},"end":{"line":37,"column":65}},"37":{"start":{"line":38,"column":0},"end":{"line":38,"column":1}}},"s":{"0":1,"1":1,"2":1,"3":1,"4":1,"5":1,"6":1,"7":1,"8":1,"9":1,"10":1,"11":1,"12":1,"13":1,"14":1,"15":1,"16":1,"17":1,"18":1,"19":1,"20":1,"21":1,"22":1,"23":1,"24":1,"25":1,"26":1,"27":1,"28":1,"29":1,"30":1,"31":1,"32":1,"33":1,"34":1,"35":1,"36":1,"37":1},"branchMap":{"0":{"type":"branch","line":1,"loc":{"start":{"line":1,"column":7},"end":{"line":1,"column":23}},"locations":[{"start":{"line":1,"column":7},"end":{"line":1,"column":23}}]}},"b":{"0":[4]},"fnMap":{},"f":{}}
,"/Users/andriiiudchenko/WORK/EDUCATION/WEB DEV/rs-school-react/sw-app/src/utils/constants.tsx": {"path":"/Users/andriiiudchenko/WORK/EDUCATION/WEB DEV/rs-school-react/sw-app/src/utils/constants.tsx","all":false,"statementMap":{"0":{"start":{"line":1,"column":0},"end":{"line":1,"column":55}},"1":{"start":{"line":2,"column":0},"end":{"line":2,"column":38}},"2":{"start":{"line":3,"column":0},"end":{"line":3,"column":40}},"3":{"start":{"line":4,"column":0},"end":{"line":4,"column":39}}},"s":{"0":1,"1":1,"2":1,"3":1},"branchMap":{},"b":{},"fnMap":{},"f":{}}
,"/Users/andriiiudchenko/WORK/EDUCATION/WEB DEV/rs-school-react/sw-app/src/utils/fetchData.tsx": {"path":"/Users/andriiiudchenko/WORK/EDUCATION/WEB DEV/rs-school-react/sw-app/src/utils/fetchData.tsx","all":false,"statementMap":{"0":{"start":{"line":1,"column":0},"end":{"line":1,"column":44}},"1":{"start":{"line":2,"column":0},"end":{"line":2,"column":8}},"2":{"start":{"line":3,"column":0},"end":{"line":3,"column":10}},"3":{"start":{"line":4,"column":0},"end":{"line":4,"column":23}},"4":{"start":{"line":5,"column":0},"end":{"line":5,"column":24}},"5":{"start":{"line":6,"column":0},"end":{"line":6,"column":23}},"6":{"start":{"line":7,"column":0},"end":{"line":7,"column":21}},"7":{"start":{"line":8,"column":0},"end":{"line":8,"column":0}},"8":{"start":{"line":9,"column":0},"end":{"line":9,"column":28}},"9":{"start":{"line":10,"column":0},"end":{"line":10,"column":24}},"10":{"start":{"line":11,"column":0},"end":{"line":11,"column":16}},"11":{"start":{"line":12,"column":0},"end":{"line":12,"column":1}},"12":{"start":{"line":13,"column":0},"end":{"line":13,"column":0}},"13":{"start":{"line":14,"column":0},"end":{"line":14,"column":27}},"14":{"start":{"line":15,"column":0},"end":{"line":15,"column":19}},"15":{"start":{"line":16,"column":0},"end":{"line":16,"column":1}},"16":{"start":{"line":17,"column":0},"end":{"line":17,"column":0}},"17":{"start":{"line":18,"column":0},"end":{"line":18,"column":38}},"18":{"start":{"line":19,"column":0},"end":{"line":19,"column":18}},"19":{"start":{"line":20,"column":0},"end":{"line":20,"column":11}},"20":{"start":{"line":21,"column":0},"end":{"line":21,"column":33}},"21":{"start":{"line":22,"column":0},"end":{"line":22,"column":30}},"22":{"start":{"line":23,"column":0},"end":{"line":23,"column":40}},"23":{"start":{"line":24,"column":0},"end":{"line":24,"column":12}},"24":{"start":{"line":25,"column":0},"end":{"line":25,"column":12}},"25":{"start":{"line":26,"column":0},"end":{"line":26,"column":0}},"26":{"start":{"line":27,"column":0},"end":{"line":27,"column":41}},"27":{"start":{"line":28,"column":0},"end":{"line":28,"column":45}},"28":{"start":{"line":29,"column":0},"end":{"line":29,"column":46}},"29":{"start":{"line":30,"column":0},"end":{"line":30,"column":3}},"30":{"start":{"line":31,"column":0},"end":{"line":31,"column":0}},"31":{"start":{"line":32,"column":0},"end":{"line":32,"column":41}},"32":{"start":{"line":33,"column":0},"end":{"line":33,"column":40}},"33":{"start":{"line":34,"column":0},"end":{"line":34,"column":36}},"34":{"start":{"line":35,"column":0},"end":{"line":35,"column":0}},"35":{"start":{"line":36,"column":0},"end":{"line":36,"column":50}},"36":{"start":{"line":37,"column":0},"end":{"line":37,"column":50}},"37":{"start":{"line":38,"column":0},"end":{"line":38,"column":3}},"38":{"start":{"line":39,"column":0},"end":{"line":39,"column":0}},"39":{"start":{"line":40,"column":0},"end":{"line":40,"column":7}},"40":{"start":{"line":41,"column":0},"end":{"line":41,"column":13}},"41":{"start":{"line":42,"column":0},"end":{"line":42,"column":0}},"42":{"start":{"line":43,"column":0},"end":{"line":43,"column":80}},"43":{"start":{"line":44,"column":0},"end":{"line":44,"column":35}},"44":{"start":{"line":45,"column":0},"end":{"line":45,"column":30}},"45":{"start":{"line":46,"column":0},"end":{"line":46,"column":5}},"46":{"start":{"line":47,"column":0},"end":{"line":47,"column":0}},"47":{"start":{"line":48,"column":0},"end":{"line":48,"column":43}},"48":{"start":{"line":49,"column":0},"end":{"line":49,"column":27}},"49":{"start":{"line":50,"column":0},"end":{"line":50,"column":41}},"50":{"start":{"line":51,"column":0},"end":{"line":51,"column":26}},"51":{"start":{"line":52,"column":0},"end":{"line":52,"column":49}},"52":{"start":{"line":53,"column":0},"end":{"line":53,"column":49}},"53":{"start":{"line":54,"column":0},"end":{"line":54,"column":10}},"54":{"start":{"line":55,"column":0},"end":{"line":55,"column":0}},"55":{"start":{"line":56,"column":0},"end":{"line":56,"column":22}},"56":{"start":{"line":57,"column":0},"end":{"line":57,"column":44}},"57":{"start":{"line":58,"column":0},"end":{"line":58,"column":0}},"58":{"start":{"line":59,"column":0},"end":{"line":59,"column":72}},"59":{"start":{"line":60,"column":0},"end":{"line":60,"column":22}},"60":{"start":{"line":61,"column":0},"end":{"line":61,"column":41}},"61":{"start":{"line":62,"column":0},"end":{"line":62,"column":18}},"62":{"start":{"line":63,"column":0},"end":{"line":63,"column":48}},"63":{"start":{"line":64,"column":0},"end":{"line":64,"column":51}},"64":{"start":{"line":65,"column":0},"end":{"line":65,"column":17}},"65":{"start":{"line":66,"column":0},"end":{"line":66,"column":57}},"66":{"start":{"line":67,"column":0},"end":{"line":67,"column":49}},"67":{"start":{"line":68,"column":0},"end":{"line":68,"column":45}},"68":{"start":{"line":69,"column":0},"end":{"line":69,"column":17}},"69":{"start":{"line":70,"column":0},"end":{"line":70,"column":15}},"70":{"start":{"line":71,"column":0},"end":{"line":71,"column":14}},"71":{"start":{"line":72,"column":0},"end":{"line":72,"column":10}},"72":{"start":{"line":73,"column":0},"end":{"line":73,"column":0}},"73":{"start":{"line":74,"column":0},"end":{"line":74,"column":46}},"74":{"start":{"line":75,"column":0},"end":{"line":75,"column":7}},"75":{"start":{"line":76,"column":0},"end":{"line":76,"column":5}},"76":{"start":{"line":77,"column":0},"end":{"line":77,"column":0}},"77":{"start":{"line":78,"column":0},"end":{"line":78,"column":17}},"78":{"start":{"line":79,"column":0},"end":{"line":79,"column":14}},"79":{"start":{"line":80,"column":0},"end":{"line":80,"column":0}},"80":{"start":{"line":81,"column":0},"end":{"line":81,"column":55}},"81":{"start":{"line":82,"column":0},"end":{"line":82,"column":0}},"82":{"start":{"line":83,"column":0},"end":{"line":83,"column":37}},"83":{"start":{"line":84,"column":0},"end":{"line":84,"column":24}},"84":{"start":{"line":85,"column":0},"end":{"line":85,"column":12}},"85":{"start":{"line":86,"column":0},"end":{"line":86,"column":28}},"86":{"start":{"line":87,"column":0},"end":{"line":87,"column":5}},"87":{"start":{"line":88,"column":0},"end":{"line":88,"column":0}},"88":{"start":{"line":89,"column":0},"end":{"line":89,"column":16}},"89":{"start":{"line":90,"column":0},"end":{"line":90,"column":31}},"90":{"start":{"line":91,"column":0},"end":{"line":91,"column":0}},"91":{"start":{"line":92,"column":0},"end":{"line":92,"column":43}},"92":{"start":{"line":93,"column":0},"end":{"line":93,"column":27}},"93":{"start":{"line":94,"column":0},"end":{"line":94,"column":57}},"94":{"start":{"line":95,"column":0},"end":{"line":95,"column":14}},"95":{"start":{"line":96,"column":0},"end":{"line":96,"column":54}},"96":{"start":{"line":97,"column":0},"end":{"line":97,"column":7}},"97":{"start":{"line":98,"column":0},"end":{"line":98,"column":5}},"98":{"start":{"line":99,"column":0},"end":{"line":99,"column":0}},"99":{"start":{"line":100,"column":0},"end":{"line":100,"column":30}},"100":{"start":{"line":101,"column":0},"end":{"line":101,"column":17}},"101":{"start":{"line":102,"column":0},"end":{"line":102,"column":23}},"102":{"start":{"line":103,"column":0},"end":{"line":103,"column":14}},"103":{"start":{"line":104,"column":0},"end":{"line":104,"column":3}},"104":{"start":{"line":105,"column":0},"end":{"line":105,"column":1}},"105":{"start":{"line":106,"column":0},"end":{"line":106,"column":0}},"106":{"start":{"line":107,"column":0},"end":{"line":107,"column":61}},"107":{"start":{"line":108,"column":0},"end":{"line":108,"column":22}},"108":{"start":{"line":109,"column":0},"end":{"line":109,"column":66}},"109":{"start":{"line":110,"column":0},"end":{"line":110,"column":65}},"110":{"start":{"line":111,"column":0},"end":{"line":111,"column":1}},"111":{"start":{"line":112,"column":0},"end":{"line":112,"column":0}},"112":{"start":{"line":113,"column":0},"end":{"line":113,"column":76}},"113":{"start":{"line":114,"column":0},"end":{"line":114,"column":32}},"114":{"start":{"line":115,"column":0},"end":{"line":115,"column":7}},"115":{"start":{"line":116,"column":0},"end":{"line":116,"column":33}},"116":{"start":{"line":117,"column":0},"end":{"line":117,"column":34}},"117":{"start":{"line":118,"column":0},"end":{"line":118,"column":0}},"118":{"start":{"line":119,"column":0},"end":{"line":119,"column":20}},"119":{"start":{"line":120,"column":0},"end":{"line":120,"column":17}},"120":{"start":{"line":121,"column":0},"end":{"line":121,"column":23}},"121":{"start":{"line":122,"column":0},"end":{"line":122,"column":14}},"122":{"start":{"line":123,"column":0},"end":{"line":123,"column":3}},"123":{"start":{"line":124,"column":0},"end":{"line":124,"column":1}}},"s":{"0":1,"1":1,"2":1,"3":1,"4":1,"5":1,"6":1,"7":1,"8":1,"9":1,"10":1,"11":1,"12":1,"13":1,"14":1,"15":1,"16":1,"17":18,"18":18,"19":18,"20":18,"21":18,"22":18,"23":18,"24":18,"25":18,"26":18,"27":3,"28":3,"29":3,"30":18,"31":18,"32":2,"33":2,"34":2,"35":2,"36":2,"37":2,"38":18,"39":18,"40":18,"41":18,"42":18,"43":16,"44":16,"45":16,"46":18,"47":18,"48":2,"49":2,"50":2,"51":2,"52":2,"53":2,"54":2,"55":2,"56":2,"57":2,"58":2,"59":2,"60":2,"61":4,"62":4,"63":4,"64":4,"65":4,"66":4,"67":2,"68":2,"69":4,"70":2,"71":2,"72":2,"73":2,"74":2,"75":2,"76":18,"77":18,"78":18,"79":18,"80":18,"81":18,"82":18,"83":1,"84":18,"85":17,"86":17,"87":18,"88":18,"89":18,"90":18,"91":18,"92":3,"93":2,"94":2,"95":1,"96":1,"97":3,"98":18,"99":18,"100":18,"101":0,"102":0,"103":0,"104":18,"105":1,"106":1,"107":25,"108":25,"109":25,"110":25,"111":1,"112":1,"113":1,"114":1,"115":1,"116":1,"117":1,"118":1,"119":1,"120":0,"121":0,"122":0,"123":1},"branchMap":{"0":{"type":"branch","line":18,"loc":{"start":{"line":18,"column":0},"end":{"line":105,"column":1}},"locations":[{"start":{"line":18,"column":0},"end":{"line":105,"column":1}}]},"1":{"type":"branch","line":27,"loc":{"start":{"line":27,"column":40},"end":{"line":30,"column":3}},"locations":[{"start":{"line":27,"column":40},"end":{"line":30,"column":3}}]},"2":{"type":"branch","line":32,"loc":{"start":{"line":32,"column":40},"end":{"line":38,"column":3}},"locations":[{"start":{"line":32,"column":40},"end":{"line":38,"column":3}}]},"3":{"type":"branch","line":43,"loc":{"start":{"line":43,"column":20},"end":{"line":43,"column":79}},"locations":[{"start":{"line":43,"column":20},"end":{"line":43,"column":79}}]},"4":{"type":"branch","line":43,"loc":{"start":{"line":43,"column":79},"end":{"line":46,"column":5}},"locations":[{"start":{"line":43,"column":79},"end":{"line":46,"column":5}}]},"5":{"type":"branch","line":48,"loc":{"start":{"line":48,"column":42},"end":{"line":76,"column":5}},"locations":[{"start":{"line":48,"column":42},"end":{"line":76,"column":5}}]},"6":{"type":"branch","line":83,"loc":{"start":{"line":83,"column":36},"end":{"line":85,"column":11}},"locations":[{"start":{"line":83,"column":36},"end":{"line":85,"column":11}}]},"7":{"type":"branch","line":85,"loc":{"start":{"line":85,"column":4},"end":{"line":87,"column":5}},"locations":[{"start":{"line":85,"column":4},"end":{"line":87,"column":5}}]},"8":{"type":"branch","line":92,"loc":{"start":{"line":92,"column":42},"end":{"line":98,"column":5}},"locations":[{"start":{"line":92,"column":42},"end":{"line":98,"column":5}}]},"9":{"type":"branch","line":93,"loc":{"start":{"line":93,"column":26},"end":{"line":97,"column":7}},"locations":[{"start":{"line":93,"column":26},"end":{"line":97,"column":7}}]},"10":{"type":"branch","line":95,"loc":{"start":{"line":95,"column":6},"end":{"line":97,"column":7}},"locations":[{"start":{"line":95,"column":6},"end":{"line":97,"column":7}}]},"11":{"type":"branch","line":101,"loc":{"start":{"line":101,"column":2},"end":{"line":104,"column":3}},"locations":[{"start":{"line":101,"column":2},"end":{"line":104,"column":3}}]},"12":{"type":"branch","line":52,"loc":{"start":{"line":52,"column":28},"end":{"line":52,"column":47}},"locations":[{"start":{"line":52,"column":28},"end":{"line":52,"column":47}}]},"13":{"type":"branch","line":53,"loc":{"start":{"line":53,"column":28},"end":{"line":53,"column":47}},"locations":[{"start":{"line":53,"column":28},"end":{"line":53,"column":47}}]},"14":{"type":"branch","line":60,"loc":{"start":{"line":60,"column":10},"end":{"line":71,"column":14}},"locations":[{"start":{"line":60,"column":10},"end":{"line":71,"column":14}}]},"15":{"type":"branch","line":61,"loc":{"start":{"line":61,"column":28},"end":{"line":71,"column":13}},"locations":[{"start":{"line":61,"column":28},"end":{"line":71,"column":13}}]},"16":{"type":"branch","line":67,"loc":{"start":{"line":67,"column":48},"end":{"line":69,"column":17}},"locations":[{"start":{"line":67,"column":48},"end":{"line":69,"column":17}}]},"17":{"type":"branch","line":107,"loc":{"start":{"line":107,"column":7},"end":{"line":111,"column":1}},"locations":[{"start":{"line":107,"column":7},"end":{"line":111,"column":1}}]},"18":{"type":"branch","line":109,"loc":{"start":{"line":109,"column":4},"end":{"line":109,"column":64}},"locations":[{"start":{"line":109,"column":4},"end":{"line":109,"column":64}}]},"19":{"type":"branch","line":109,"loc":{"start":{"line":109,"column":59},"end":{"line":109,"column":66}},"locations":[{"start":{"line":109,"column":59},"end":{"line":109,"column":66}}]},"20":{"type":"branch","line":110,"loc":{"start":{"line":110,"column":14},"end":{"line":110,"column":23}},"locations":[{"start":{"line":110,"column":14},"end":{"line":110,"column":23}}]},"21":{"type":"branch","line":110,"loc":{"start":{"line":110,"column":18},"end":{"line":110,"column":62}},"locations":[{"start":{"line":110,"column":18},"end":{"line":110,"column":62}}]},"22":{"type":"branch","line":110,"loc":{"start":{"line":110,"column":26},"end":{"line":110,"column":45}},"locations":[{"start":{"line":110,"column":26},"end":{"line":110,"column":45}}]},"23":{"type":"branch","line":110,"loc":{"start":{"line":110,"column":39},"end":{"line":110,"column":48}},"locations":[{"start":{"line":110,"column":39},"end":{"line":110,"column":48}}]},"24":{"type":"branch","line":113,"loc":{"start":{"line":113,"column":0},"end":{"line":124,"column":1}},"locations":[{"start":{"line":113,"column":0},"end":{"line":124,"column":1}}]},"25":{"type":"branch","line":120,"loc":{"start":{"line":120,"column":2},"end":{"line":123,"column":3}},"locations":[{"start":{"line":120,"column":2},"end":{"line":123,"column":3}}]}},"b":{"0":[18],"1":[3],"2":[2],"3":[15],"4":[16],"5":[2],"6":[1],"7":[17],"8":[3],"9":[2],"10":[1],"11":[0],"12":[2],"13":[2],"14":[2],"15":[4],"16":[2],"17":[25],"18":[10],"19":[15],"20":[21],"21":[4],"22":[2],"23":[2],"24":[1],"25":[0]},"fnMap":{"0":{"name":"fetchCharacters","decl":{"start":{"line":18,"column":0},"end":{"line":105,"column":1}},"loc":{"start":{"line":18,"column":0},"end":{"line":105,"column":1}},"line":18},"1":{"name":"formatURL","decl":{"start":{"line":107,"column":7},"end":{"line":111,"column":1}},"loc":{"start":{"line":107,"column":7},"end":{"line":111,"column":1}},"line":107},"2":{"name":"fetchCharacter","decl":{"start":{"line":113,"column":0},"end":{"line":124,"column":1}},"loc":{"start":{"line":113,"column":0},"end":{"line":124,"column":1}},"line":113}},"f":{"0":18,"1":25,"2":1}}
,"/Users/andriiiudchenko/WORK/EDUCATION/WEB DEV/rs-school-react/sw-app/src/utils/range.tsx": {"path":"/Users/andriiiudchenko/WORK/EDUCATION/WEB DEV/rs-school-react/sw-app/src/utils/range.tsx","all":false,"statementMap":{"0":{"start":{"line":1,"column":0},"end":{"line":1,"column":51}},"1":{"start":{"line":2,"column":0},"end":{"line":2,"column":17}},"2":{"start":{"line":3,"column":0},"end":{"line":3,"column":38}},"3":{"start":{"line":4,"column":0},"end":{"line":4,"column":16}},"4":{"start":{"line":5,"column":0},"end":{"line":5,"column":3}},"5":{"start":{"line":6,"column":0},"end":{"line":6,"column":13}},"6":{"start":{"line":7,"column":0},"end":{"line":7,"column":1}}},"s":{"0":1,"1":48,"2":48,"3":200,"4":200,"5":48,"6":48},"branchMap":{"0":{"type":"branch","line":1,"loc":{"start":{"line":1,"column":7},"end":{"line":7,"column":1}},"locations":[{"start":{"line":1,"column":7},"end":{"line":7,"column":1}}]},"1":{"type":"branch","line":3,"loc":{"start":{"line":3,"column":37},"end":{"line":5,"column":3}},"locations":[{"start":{"line":3,"column":37},"end":{"line":5,"column":3}}]}},"b":{"0":[48],"1":[200]},"fnMap":{"0":{"name":"range","decl":{"start":{"line":1,"column":7},"end":{"line":7,"column":1}},"loc":{"start":{"line":1,"column":7},"end":{"line":7,"column":1}},"line":1}},"f":{"0":48}}
,"/Users/andriiiudchenko/WORK/EDUCATION/WEB DEV/rs-school-react/sw-app/src/utils/strings.tsx": {"path":"/Users/andriiiudchenko/WORK/EDUCATION/WEB DEV/rs-school-react/sw-app/src/utils/strings.tsx","all":false,"statementMap":{"0":{"start":{"line":1,"column":0},"end":{"line":1,"column":50}},"1":{"start":{"line":2,"column":0},"end":{"line":2,"column":12}},"2":{"start":{"line":3,"column":0},"end":{"line":3,"column":15}},"3":{"start":{"line":4,"column":0},"end":{"line":4,"column":78}},"4":{"start":{"line":5,"column":0},"end":{"line":5,"column":15}},"5":{"start":{"line":6,"column":0},"end":{"line":6,"column":2}}},"s":{"0":1,"1":12,"2":12,"3":12,"4":12,"5":12},"branchMap":{"0":{"type":"branch","line":1,"loc":{"start":{"line":1,"column":32},"end":{"line":6,"column":2}},"locations":[{"start":{"line":1,"column":32},"end":{"line":6,"column":2}}]},"1":{"type":"branch","line":4,"loc":{"start":{"line":4,"column":9},"end":{"line":4,"column":77}},"locations":[{"start":{"line":4,"column":9},"end":{"line":4,"column":77}}]}},"b":{"0":[12],"1":[17]},"fnMap":{"0":{"name":"makeSentenceCase","decl":{"start":{"line":1,"column":32},"end":{"line":6,"column":2}},"loc":{"start":{"line":1,"column":32},"end":{"line":6,"column":2}},"line":1}},"f":{"0":12}}
}
